--- Run started at 2025-11-29 14:22:44.200279 ---
[14:22:48] [SpawnPoolWorker-4] STARTING HD  37248
[14:22:48] [SpawnPoolWorker-1] STARTING Brey  70
[14:22:48] [SpawnPoolWorker-4] HD  37248: Loading star instance...
[14:22:48] [SpawnPoolWorker-1] Brey  70: Loading star instance...
[14:22:48] [SpawnPoolWorker-2] STARTING Brey  83
[14:22:48] [SpawnPoolWorker-2] Brey  83: Loading star instance...
[14:22:48] [SpawnPoolWorker-3] STARTING HD  38029
[14:22:48] [SpawnPoolWorker-3] HD  38029: Loading star instance...
[14:22:48] [SpawnPoolWorker-8] STARTING HD  37026
[14:22:48] [SpawnPoolWorker-8] HD  37026: Loading star instance...
[14:22:48] [SpawnPoolWorker-5] STARTING Brey  95a
[14:22:48] [SpawnPoolWorker-5] Brey  95a: Loading star instance...
[14:22:48] [SpawnPoolWorker-9] STARTING HD 269818
[14:22:48] [SpawnPoolWorker-9] HD 269818: Loading star instance...
[14:22:48] [SpawnPoolWorker-7] STARTING HD  32125
[14:22:48] [SpawnPoolWorker-7] HD  32125: Loading star instance...
[14:22:48] [SpawnPoolWorker-10] STARTING HD  38448
[14:22:48] [SpawnPoolWorker-6] STARTING MNM2014 LMC195-1
[14:22:48] [SpawnPoolWorker-10] HD  38448: Loading star instance...
[14:22:48] [SpawnPoolWorker-6] MNM2014 LMC195-1: Loading star instance...
[14:22:48] [SpawnPoolWorker-11] STARTING HD  38030
[14:22:48] [SpawnPoolWorker-11] HD  38030: Loading star instance...
[14:22:49] [SpawnPoolWorker-2] Brey  83: Interpolating 4 epochs...
[14:22:49] [SpawnPoolWorker-1] Brey  70: Interpolating 6 epochs...
[14:22:49] [SpawnPoolWorker-5] Brey  95a: Interpolating 4 epochs...
[14:22:49] [SpawnPoolWorker-9] HD 269818: Interpolating 5 epochs...
[14:22:49] [SpawnPoolWorker-11] HD  38030: Interpolating 6 epochs...
[14:22:49] [SpawnPoolWorker-4] HD  37248: Interpolating 7 epochs...
[14:22:49] [SpawnPoolWorker-7] HD  32125: Interpolating 5 epochs...
[14:22:49] [SpawnPoolWorker-10] HD  38448: Interpolating 6 epochs...
[14:22:49] [SpawnPoolWorker-8] HD  37026: Interpolating 6 epochs...
[14:22:49] [SpawnPoolWorker-3] HD  38029: Interpolating 4 epochs...
[14:22:49] [SpawnPoolWorker-6] MNM2014 LMC195-1: Interpolating 5 epochs...
[14:22:49] [SpawnPoolWorker-5] Brey  95a: Processing line 'O V 3100-3175' (1/11)...
[14:22:49] [SpawnPoolWorker-5] Brey  95a | O V 3100-3175: Running Double CCF...
[14:22:49] [SpawnPoolWorker-3] HD  38029: Processing line 'O V 3100-3175' (1/11)...
[14:22:49] [SpawnPoolWorker-3] HD  38029 | O V 3100-3175: Running Double CCF...
[14:22:49] [SpawnPoolWorker-2] Brey  83: Processing line 'O V 3100-3175' (1/11)...
[14:22:49] [SpawnPoolWorker-2] Brey  83 | O V 3100-3175: Running Double CCF...
[14:22:49] [SpawnPoolWorker-9] HD 269818: Processing line 'O V 3100-3175' (1/11)...
[14:22:49] [SpawnPoolWorker-9] HD 269818 | O V 3100-3175: Running Double CCF...
[14:22:49] [SpawnPoolWorker-7] HD  32125: Processing line 'O V 3100-3175' (1/11)...
[14:22:49] [SpawnPoolWorker-7] HD  32125 | O V 3100-3175: Running Double CCF...
[14:22:49] [SpawnPoolWorker-1] Brey  70: Processing line 'O V 3100-3175' (1/11)...
[14:22:49] [SpawnPoolWorker-1] Brey  70 | O V 3100-3175: Running Double CCF...
[14:22:49] [SpawnPoolWorker-11] HD  38030: Processing line 'O V 3100-3175' (1/11)...
[14:22:49] [SpawnPoolWorker-11] HD  38030 | O V 3100-3175: Running Double CCF...
[14:22:49] [SpawnPoolWorker-6] MNM2014 LMC195-1: Processing line 'O V 3100-3175' (1/11)...
[14:22:49] [SpawnPoolWorker-6] MNM2014 LMC195-1 | O V 3100-3175: Running Double CCF...
[14:22:49] [SpawnPoolWorker-10] HD  38448: Processing line 'O V 3100-3175' (1/11)...
[14:22:49] [SpawnPoolWorker-10] HD  38448 | O V 3100-3175: Running Double CCF...
[14:22:49] [SpawnPoolWorker-3] HD  38029 | O V 3100-3175: Saving RVs and plotting...
[14:22:49] [SpawnPoolWorker-5] Brey  95a | O V 3100-3175: Saving RVs and plotting...
[14:22:49] [SpawnPoolWorker-4] HD  37248: Processing line 'O V 3100-3175' (1/11)...
[14:22:49] [SpawnPoolWorker-4] HD  37248 | O V 3100-3175: Running Double CCF...
[14:22:49] [SpawnPoolWorker-8] HD  37026: Processing line 'O V 3100-3175' (1/11)...
[14:22:49] [SpawnPoolWorker-8] HD  37026 | O V 3100-3175: Running Double CCF...
[14:22:49] [SpawnPoolWorker-3] HD  38029 | O V 3100-3175: DONE
[14:22:49] [SpawnPoolWorker-5] Brey  95a | O V 3100-3175: DONE
[14:22:49] [SpawnPoolWorker-3] HD  38029: Processing line 'O IV 3350-3480' (2/11)...
[14:22:49] [SpawnPoolWorker-3] HD  38029 | O IV 3350-3480: Running Double CCF...
[14:22:49] [SpawnPoolWorker-5] Brey  95a: Processing line 'O IV 3350-3480' (2/11)...
[14:22:49] [SpawnPoolWorker-5] Brey  95a | O IV 3350-3480: Running Double CCF...
[14:22:49] [SpawnPoolWorker-2] Brey  83 | O V 3100-3175: Saving RVs and plotting...
[14:22:50] [SpawnPoolWorker-5] Brey  95a | O IV 3350-3480: Saving RVs and plotting...
[14:22:50] [SpawnPoolWorker-3] HD  38029 | O IV 3350-3480: Saving RVs and plotting...
[14:22:50] [SpawnPoolWorker-6] MNM2014 LMC195-1 | O V 3100-3175: Saving RVs and plotting...
[14:22:50] [SpawnPoolWorker-9] HD 269818 | O V 3100-3175: Saving RVs and plotting...
[14:22:50] [SpawnPoolWorker-7] HD  32125 | O V 3100-3175: Saving RVs and plotting...
[14:22:50] [SpawnPoolWorker-8] HD  37026 | O V 3100-3175: Saving RVs and plotting...
[14:22:50] [SpawnPoolWorker-10] HD  38448 | O V 3100-3175: Saving RVs and plotting...
[14:22:50] [SpawnPoolWorker-1] Brey  70 | O V 3100-3175: Saving RVs and plotting...
[14:22:50] [SpawnPoolWorker-11] HD  38030 | O V 3100-3175: Saving RVs and plotting...
[14:22:50] [SpawnPoolWorker-4] HD  37248 | O V 3100-3175: Saving RVs and plotting...
[14:22:52] [SpawnPoolWorker-2] Brey  83 | O V 3100-3175: DONE
[14:22:52] [SpawnPoolWorker-2] Brey  83: Processing line 'O IV 3350-3480' (2/11)...
[14:22:52] [SpawnPoolWorker-2] Brey  83 | O IV 3350-3480: Running Double CCF...
[14:22:52] [SpawnPoolWorker-5] Brey  95a | O IV 3350-3480: DONE
[14:22:52] [SpawnPoolWorker-5] Brey  95a: Processing line 'C IV 3650-3900' (3/11)...
[14:22:52] [SpawnPoolWorker-5] Brey  95a | C IV 3650-3900: Running Double CCF...
[14:22:52] [SpawnPoolWorker-3] HD  38029 | O IV 3350-3480: DONE
[14:22:52] [SpawnPoolWorker-3] HD  38029: Processing line 'C IV 3650-3900' (3/11)...
[14:22:52] [SpawnPoolWorker-3] HD  38029 | C IV 3650-3900: Running Double CCF...
[14:22:52] [SpawnPoolWorker-6] MNM2014 LMC195-1 | O V 3100-3175: DONE
[14:22:52] [SpawnPoolWorker-6] MNM2014 LMC195-1: Processing line 'O IV 3350-3480' (2/11)...
[14:22:52] [SpawnPoolWorker-6] MNM2014 LMC195-1 | O IV 3350-3480: Running Double CCF...
[14:22:52] [SpawnPoolWorker-2] Brey  83 | O IV 3350-3480: Saving RVs and plotting...
[14:22:53] [SpawnPoolWorker-5] Brey  95a | C IV 3650-3900: Saving RVs and plotting...
[14:22:53] [SpawnPoolWorker-9] HD 269818 | O V 3100-3175: DONE
[14:22:53] [SpawnPoolWorker-9] HD 269818: Processing line 'O IV 3350-3480' (2/11)...
[14:22:53] [SpawnPoolWorker-9] HD 269818 | O IV 3350-3480: Running Double CCF...
[14:22:53] [SpawnPoolWorker-3] HD  38029 | C IV 3650-3900: Saving RVs and plotting...
[14:22:53] [SpawnPoolWorker-7] HD  32125 | O V 3100-3175: DONE
[14:22:53] [SpawnPoolWorker-7] HD  32125: Processing line 'O IV 3350-3480' (2/11)...
[14:22:53] [SpawnPoolWorker-7] HD  32125 | O IV 3350-3480: Running Double CCF...
[14:22:53] [SpawnPoolWorker-1] Brey  70 | O V 3100-3175: DONE
[14:22:53] [SpawnPoolWorker-1] Brey  70: Processing line 'O IV 3350-3480' (2/11)...
[14:22:53] [SpawnPoolWorker-1] Brey  70 | O IV 3350-3480: Running Double CCF...
[14:22:53] [SpawnPoolWorker-6] MNM2014 LMC195-1 | O IV 3350-3480: Saving RVs and plotting...
[14:22:53] [SpawnPoolWorker-8] HD  37026 | O V 3100-3175: DONE
[14:22:53] [SpawnPoolWorker-8] HD  37026: Processing line 'O IV 3350-3480' (2/11)...
[14:22:53] [SpawnPoolWorker-8] HD  37026 | O IV 3350-3480: Running Double CCF...
[14:22:53] [SpawnPoolWorker-11] HD  38030 | O V 3100-3175: DONE
[14:22:53] [SpawnPoolWorker-11] HD  38030: Processing line 'O IV 3350-3480' (2/11)...
[14:22:53] [SpawnPoolWorker-11] HD  38030 | O IV 3350-3480: Running Double CCF...
[14:22:53] [SpawnPoolWorker-10] HD  38448 | O V 3100-3175: DONE
[14:22:53] [SpawnPoolWorker-10] HD  38448: Processing line 'O IV 3350-3480' (2/11)...
[14:22:53] [SpawnPoolWorker-10] HD  38448 | O IV 3350-3480: Running Double CCF...
[14:22:54] [SpawnPoolWorker-9] HD 269818 | O IV 3350-3480: Saving RVs and plotting...
[14:22:54] [SpawnPoolWorker-7] HD  32125 | O IV 3350-3480: Saving RVs and plotting...
[14:22:54] [SpawnPoolWorker-1] Brey  70 | O IV 3350-3480: Saving RVs and plotting...
[14:22:54] [SpawnPoolWorker-8] HD  37026 | O IV 3350-3480: Saving RVs and plotting...
[14:22:54] [SpawnPoolWorker-11] HD  38030 | O IV 3350-3480: Saving RVs and plotting...
[14:22:54] [SpawnPoolWorker-4] HD  37248 | O V 3100-3175: DONE
[14:22:54] [SpawnPoolWorker-4] HD  37248: Processing line 'O IV 3350-3480' (2/11)...
[14:22:54] [SpawnPoolWorker-4] HD  37248 | O IV 3350-3480: Running Double CCF...
[14:22:54] [SpawnPoolWorker-10] HD  38448 | O IV 3350-3480: Saving RVs and plotting...
[14:22:55] [SpawnPoolWorker-2] Brey  83 | O IV 3350-3480: DONE
[14:22:55] [SpawnPoolWorker-2] Brey  83: Processing line 'C IV 3650-3900' (3/11)...
[14:22:55] [SpawnPoolWorker-2] Brey  83 | C IV 3650-3900: Running Double CCF...
[14:22:55] [SpawnPoolWorker-5] Brey  95a | C IV 3650-3900: DONE
[14:22:55] [SpawnPoolWorker-5] Brey  95a: Processing line 'He II 4686' (4/11)...
[14:22:55] [SpawnPoolWorker-5] Brey  95a | He II 4686: Running Double CCF...
[14:22:55] [SpawnPoolWorker-3] HD  38029 | C IV 3650-3900: DONE
[14:22:55] [SpawnPoolWorker-3] HD  38029: Processing line 'He II 4686' (4/11)...
[14:22:55] [SpawnPoolWorker-3] HD  38029 | He II 4686: Running Double CCF...
[14:22:56] [SpawnPoolWorker-4] HD  37248 | O IV 3350-3480: Saving RVs and plotting...
[14:22:56] [SpawnPoolWorker-2] Brey  83 | C IV 3650-3900: Saving RVs and plotting...
[14:22:56] [SpawnPoolWorker-5] Brey  95a | He II 4686: Saving RVs and plotting...
[14:22:56] [SpawnPoolWorker-3] HD  38029 | He II 4686: Saving RVs and plotting...
[14:22:56] [SpawnPoolWorker-6] MNM2014 LMC195-1 | O IV 3350-3480: DONE
[14:22:56] [SpawnPoolWorker-6] MNM2014 LMC195-1: Processing line 'C IV 3650-3900' (3/11)...
[14:22:56] [SpawnPoolWorker-6] MNM2014 LMC195-1 | C IV 3650-3900: Running Double CCF...
[14:22:57] [SpawnPoolWorker-9] HD 269818 | O IV 3350-3480: DONE
[14:22:57] [SpawnPoolWorker-9] HD 269818: Processing line 'C IV 3650-3900' (3/11)...
[14:22:57] [SpawnPoolWorker-9] HD 269818 | C IV 3650-3900: Running Double CCF...
[14:22:57] [SpawnPoolWorker-7] HD  32125 | O IV 3350-3480: DONE
[14:22:57] [SpawnPoolWorker-7] HD  32125: Processing line 'C IV 3650-3900' (3/11)...
[14:22:57] [SpawnPoolWorker-7] HD  32125 | C IV 3650-3900: Running Double CCF...
[14:22:57] [SpawnPoolWorker-6] MNM2014 LMC195-1 | C IV 3650-3900: Saving RVs and plotting...
[14:22:57] [SpawnPoolWorker-9] HD 269818 | C IV 3650-3900: Saving RVs and plotting...
[14:22:57] [SpawnPoolWorker-1] Brey  70 | O IV 3350-3480: DONE
[14:22:57] [SpawnPoolWorker-1] Brey  70: Processing line 'C IV 3650-3900' (3/11)...
[14:22:57] [SpawnPoolWorker-1] Brey  70 | C IV 3650-3900: Running Double CCF...
[14:22:58] [SpawnPoolWorker-7] HD  32125 | C IV 3650-3900: Saving RVs and plotting...
[14:22:58] [SpawnPoolWorker-8] HD  37026 | O IV 3350-3480: DONE
[14:22:58] [SpawnPoolWorker-8] HD  37026: Processing line 'C IV 3650-3900' (3/11)...
[14:22:58] [SpawnPoolWorker-8] HD  37026 | C IV 3650-3900: Running Double CCF...
[14:22:58] [SpawnPoolWorker-11] HD  38030 | O IV 3350-3480: DONE
[14:22:58] [SpawnPoolWorker-11] HD  38030: Processing line 'C IV 3650-3900' (3/11)...
[14:22:58] [SpawnPoolWorker-11] HD  38030 | C IV 3650-3900: Running Double CCF...
[14:22:58] [SpawnPoolWorker-10] HD  38448 | O IV 3350-3480: DONE
[14:22:58] [SpawnPoolWorker-10] HD  38448: Processing line 'C IV 3650-3900' (3/11)...
[14:22:58] [SpawnPoolWorker-10] HD  38448 | C IV 3650-3900: Running Double CCF...
[14:22:58] [SpawnPoolWorker-3] HD  38029 | He II 4686: DONE
[14:22:58] [SpawnPoolWorker-3] HD  38029: Processing line 'O VI 5210-5340' (5/11)...
[14:22:58] [SpawnPoolWorker-3] HD  38029 | O VI 5210-5340: Running Double CCF...
[14:22:58] [SpawnPoolWorker-5] Brey  95a | He II 4686: DONE
[14:22:58] [SpawnPoolWorker-5] Brey  95a: Processing line 'O VI 5210-5340' (5/11)...
[14:22:58] [SpawnPoolWorker-5] Brey  95a | O VI 5210-5340: Running Double CCF...
[14:22:58] [SpawnPoolWorker-2] Brey  83 | C IV 3650-3900: DONE
[14:22:58] [SpawnPoolWorker-2] Brey  83: Processing line 'He II 4686' (4/11)...
[14:22:58] [SpawnPoolWorker-2] Brey  83 | He II 4686: Running Double CCF...
[14:22:58] [SpawnPoolWorker-3] HD  38029 | O VI 5210-5340: Saving RVs and plotting...
[14:22:58] [SpawnPoolWorker-5] Brey  95a | O VI 5210-5340: Saving RVs and plotting...
[14:22:58] [SpawnPoolWorker-2] Brey  83 | He II 4686: Saving RVs and plotting...
[14:22:58] [SpawnPoolWorker-1] Brey  70 | C IV 3650-3900: Saving RVs and plotting...
[14:22:59] [SpawnPoolWorker-8] HD  37026 | C IV 3650-3900: Saving RVs and plotting...
[14:22:59] [SpawnPoolWorker-10] HD  38448 | C IV 3650-3900: Saving RVs and plotting...
[14:22:59] [SpawnPoolWorker-11] HD  38030 | C IV 3650-3900: Saving RVs and plotting...
[14:22:59] [SpawnPoolWorker-4] HD  37248 | O IV 3350-3480: DONE
[14:22:59] [SpawnPoolWorker-4] HD  37248: Processing line 'C IV 3650-3900' (3/11)...
[14:22:59] [SpawnPoolWorker-4] HD  37248 | C IV 3650-3900: Running Double CCF...
[14:22:59] [SpawnPoolWorker-6] MNM2014 LMC195-1 | C IV 3650-3900: DONE
[14:22:59] [SpawnPoolWorker-6] MNM2014 LMC195-1: Processing line 'He II 4686' (4/11)...
[14:22:59] [SpawnPoolWorker-6] MNM2014 LMC195-1 | He II 4686: Running Double CCF...
[14:23:00] [SpawnPoolWorker-9] HD 269818 | C IV 3650-3900: DONE
[14:23:00] [SpawnPoolWorker-9] HD 269818: Processing line 'He II 4686' (4/11)...
[14:23:00] [SpawnPoolWorker-9] HD 269818 | He II 4686: Running Double CCF...
[14:23:00] [SpawnPoolWorker-7] HD  32125 | C IV 3650-3900: DONE
[14:23:00] [SpawnPoolWorker-7] HD  32125: Processing line 'He II 4686' (4/11)...
[14:23:00] [SpawnPoolWorker-7] HD  32125 | He II 4686: Running Double CCF...
[14:23:00] [SpawnPoolWorker-6] MNM2014 LMC195-1 | He II 4686: Saving RVs and plotting...
[14:23:00] [SpawnPoolWorker-4] HD  37248 | C IV 3650-3900: Saving RVs and plotting...
[14:23:00] [SpawnPoolWorker-3] HD  38029 | O VI 5210-5340: DONE
[14:23:00] [SpawnPoolWorker-3] HD  38029: Processing line 'He II 5412 & C IV 5471' (6/11)...
[14:23:00] [SpawnPoolWorker-3] HD  38029 | He II 5412 & C IV 5471: Running Double CCF...
[14:23:00] [SpawnPoolWorker-5] Brey  95a | O VI 5210-5340: DONE
[14:23:00] [SpawnPoolWorker-5] Brey  95a: Processing line 'He II 5412 & C IV 5471' (6/11)...
[14:23:00] [SpawnPoolWorker-5] Brey  95a | He II 5412 & C IV 5471: Running Double CCF...
[14:23:00] [SpawnPoolWorker-3] HD  38029 | He II 5412 & C IV 5471: Saving RVs and plotting...
[14:23:00] [SpawnPoolWorker-2] Brey  83 | He II 4686: DONE
[14:23:00] [SpawnPoolWorker-2] Brey  83: Processing line 'O VI 5210-5340' (5/11)...
[14:23:00] [SpawnPoolWorker-2] Brey  83 | O VI 5210-5340: Running Double CCF...
[14:23:00] [SpawnPoolWorker-3] HD  38029 | He II 5412 & C IV 5471: DONE
[14:23:00] [SpawnPoolWorker-3] HD  38029: Processing line 'C IV 5808-5812' (7/11)...
[14:23:00] [SpawnPoolWorker-3] HD  38029 | C IV 5808-5812: Running Double CCF...
[14:23:01] [SpawnPoolWorker-5] Brey  95a | He II 5412 & C IV 5471: Saving RVs and plotting...
[14:23:01] [SpawnPoolWorker-9] HD 269818 | He II 4686: Saving RVs and plotting...
[14:23:01] [SpawnPoolWorker-7] HD  32125 | He II 4686: Saving RVs and plotting...
[14:23:01] [SpawnPoolWorker-2] Brey  83 | O VI 5210-5340: Saving RVs and plotting...
[14:23:01] [SpawnPoolWorker-3] HD  38029 | C IV 5808-5812: Saving RVs and plotting...
[14:23:01] [SpawnPoolWorker-1] Brey  70 | C IV 3650-3900: DONE
[14:23:01] [SpawnPoolWorker-1] Brey  70: Processing line 'He II 4686' (4/11)...
[14:23:01] [SpawnPoolWorker-1] Brey  70 | He II 4686: Running Double CCF...
[14:23:01] [SpawnPoolWorker-8] HD  37026 | C IV 3650-3900: DONE
[14:23:01] [SpawnPoolWorker-8] HD  37026: Processing line 'He II 4686' (4/11)...
[14:23:01] [SpawnPoolWorker-8] HD  37026 | He II 4686: Running Double CCF...
[14:23:02] [SpawnPoolWorker-11] HD  38030 | C IV 3650-3900: DONE
[14:23:02] [SpawnPoolWorker-11] HD  38030: Processing line 'He II 4686' (4/11)...
[14:23:02] [SpawnPoolWorker-11] HD  38030 | He II 4686: Running Double CCF...
[14:23:02] [SpawnPoolWorker-10] HD  38448 | C IV 3650-3900: DONE
[14:23:02] [SpawnPoolWorker-10] HD  38448: Processing line 'He II 4686' (4/11)...
[14:23:02] [SpawnPoolWorker-10] HD  38448 | He II 4686: Running Double CCF...
[14:23:02] [SpawnPoolWorker-1] Brey  70 | He II 4686: Saving RVs and plotting...
[14:23:02] [SpawnPoolWorker-8] HD  37026 | He II 4686: Saving RVs and plotting...
[14:23:02] [SpawnPoolWorker-11] HD  38030 | He II 4686: Saving RVs and plotting...
[14:23:02] [SpawnPoolWorker-10] HD  38448 | He II 4686: Saving RVs and plotting...
[14:23:02] [SpawnPoolWorker-5] Brey  95a | He II 5412 & C IV 5471: DONE
[14:23:02] [SpawnPoolWorker-5] Brey  95a: Processing line 'C IV 5808-5812' (7/11)...
[14:23:02] [SpawnPoolWorker-5] Brey  95a | C IV 5808-5812: Running Double CCF...
[14:23:03] [SpawnPoolWorker-6] MNM2014 LMC195-1 | He II 4686: DONE
[14:23:03] [SpawnPoolWorker-6] MNM2014 LMC195-1: Processing line 'O VI 5210-5340' (5/11)...
[14:23:03] [SpawnPoolWorker-6] MNM2014 LMC195-1 | O VI 5210-5340: Running Double CCF...
[14:23:03] [SpawnPoolWorker-3] HD  38029 | C IV 5808-5812: DONE
[14:23:03] [SpawnPoolWorker-3] HD  38029: Processing line 'C III 6700-6800' (8/11)...
[14:23:03] [SpawnPoolWorker-3] HD  38029 | C III 6700-6800: Running Double CCF...
[14:23:03] [SpawnPoolWorker-3] HD  38029 | C III 6700-6800: Saving RVs and plotting...
[14:23:03] [SpawnPoolWorker-2] Brey  83 | O VI 5210-5340: DONE
[14:23:03] [SpawnPoolWorker-2] Brey  83: Processing line 'He II 5412 & C IV 5471' (6/11)...
[14:23:03] [SpawnPoolWorker-2] Brey  83 | He II 5412 & C IV 5471: Running Double CCF...
[14:23:03] [SpawnPoolWorker-3] HD  38029 | C III 6700-6800: DONE
[14:23:03] [SpawnPoolWorker-3] HD  38029: Processing line 'C IV 7063' (9/11)...
[14:23:03] [SpawnPoolWorker-3] HD  38029 | C IV 7063: Running Double CCF...
[14:23:03] [SpawnPoolWorker-5] Brey  95a | C IV 5808-5812: Saving RVs and plotting...
[14:23:03] [SpawnPoolWorker-9] HD 269818 | He II 4686: DONE
[14:23:03] [SpawnPoolWorker-9] HD 269818: Processing line 'O VI 5210-5340' (5/11)...
[14:23:03] [SpawnPoolWorker-9] HD 269818 | O VI 5210-5340: Running Double CCF...
[14:23:03] [SpawnPoolWorker-7] HD  32125 | He II 4686: DONE
[14:23:03] [SpawnPoolWorker-7] HD  32125: Processing line 'O VI 5210-5340' (5/11)...
[14:23:03] [SpawnPoolWorker-7] HD  32125 | O VI 5210-5340: Running Double CCF...
[14:23:03] [SpawnPoolWorker-6] MNM2014 LMC195-1 | O VI 5210-5340: Saving RVs and plotting...
[14:23:04] [SpawnPoolWorker-4] HD  37248 | C IV 3650-3900: DONE
[14:23:04] [SpawnPoolWorker-4] HD  37248: Processing line 'He II 4686' (4/11)...
[14:23:04] [SpawnPoolWorker-4] HD  37248 | He II 4686: Running Double CCF...
[14:23:04] [SpawnPoolWorker-2] Brey  83 | He II 5412 & C IV 5471: Saving RVs and plotting...
[14:23:04] [SpawnPoolWorker-3] HD  38029 | C IV 7063: Saving RVs and plotting...
[14:23:04] [SpawnPoolWorker-9] HD 269818 | O VI 5210-5340: Saving RVs and plotting...
[14:23:04] [SpawnPoolWorker-7] HD  32125 | O VI 5210-5340: Saving RVs and plotting...
[14:23:05] [SpawnPoolWorker-4] HD  37248 | He II 4686: Saving RVs and plotting...
[14:23:05] [SpawnPoolWorker-5] Brey  95a | C IV 5808-5812: DONE
[14:23:05] [SpawnPoolWorker-5] Brey  95a: Processing line 'C III 6700-6800' (8/11)...
[14:23:05] [SpawnPoolWorker-5] Brey  95a | C III 6700-6800: Running Double CCF...
[14:23:05] [SpawnPoolWorker-8] HD  37026 | He II 4686: DONE
[14:23:05] [SpawnPoolWorker-8] HD  37026: Processing line 'O VI 5210-5340' (5/11)...
[14:23:05] [SpawnPoolWorker-8] HD  37026 | O VI 5210-5340: Running Double CCF...
[14:23:05] [SpawnPoolWorker-1] Brey  70 | He II 4686: DONE
[14:23:05] [SpawnPoolWorker-1] Brey  70: Processing line 'O VI 5210-5340' (5/11)...
[14:23:05] [SpawnPoolWorker-1] Brey  70 | O VI 5210-5340: Running Double CCF...
[14:23:06] [SpawnPoolWorker-11] HD  38030 | He II 4686: DONE
[14:23:06] [SpawnPoolWorker-11] HD  38030: Processing line 'O VI 5210-5340' (5/11)...
[14:23:06] [SpawnPoolWorker-11] HD  38030 | O VI 5210-5340: Running Double CCF...
[14:23:06] [SpawnPoolWorker-2] Brey  83 | He II 5412 & C IV 5471: DONE
[14:23:06] [SpawnPoolWorker-2] Brey  83: Processing line 'C IV 5808-5812' (7/11)...
[14:23:06] [SpawnPoolWorker-2] Brey  83 | C IV 5808-5812: Running Double CCF...
[14:23:06] [SpawnPoolWorker-10] HD  38448 | He II 4686: DONE
[14:23:06] [SpawnPoolWorker-10] HD  38448: Processing line 'O VI 5210-5340' (5/11)...
[14:23:06] [SpawnPoolWorker-10] HD  38448 | O VI 5210-5340: Running Double CCF...
[14:23:06] [SpawnPoolWorker-5] Brey  95a | C III 6700-6800: Saving RVs and plotting...
[14:23:06] [SpawnPoolWorker-3] HD  38029 | C IV 7063: DONE
[14:23:06] [SpawnPoolWorker-3] HD  38029: Processing line 'C IV 17396' (10/11)...
[14:23:06] [SpawnPoolWorker-3] HD  38029 | C IV 17396: Running Double CCF...
[14:23:06] [SpawnPoolWorker-6] MNM2014 LMC195-1 | O VI 5210-5340: DONE
[14:23:06] [SpawnPoolWorker-6] MNM2014 LMC195-1: Processing line 'He II 5412 & C IV 5471' (6/11)...
[14:23:06] [SpawnPoolWorker-6] MNM2014 LMC195-1 | He II 5412 & C IV 5471: Running Double CCF...
[14:23:06] [SpawnPoolWorker-2] Brey  83 | C IV 5808-5812: Saving RVs and plotting...
[14:23:06] [SpawnPoolWorker-8] HD  37026 | O VI 5210-5340: Saving RVs and plotting...
[14:23:06] [SpawnPoolWorker-1] Brey  70 | O VI 5210-5340: Saving RVs and plotting...
[14:23:07] [SpawnPoolWorker-3] HD  38029 | C IV 17396: Saving RVs and plotting...
[14:23:07] [SpawnPoolWorker-11] HD  38030 | O VI 5210-5340: Saving RVs and plotting...
[14:23:07] [SpawnPoolWorker-9] HD 269818 | O VI 5210-5340: DONE
[14:23:07] [SpawnPoolWorker-9] HD 269818: Processing line 'He II 5412 & C IV 5471' (6/11)...
[14:23:07] [SpawnPoolWorker-9] HD 269818 | He II 5412 & C IV 5471: Running Double CCF...
[14:23:07] [SpawnPoolWorker-10] HD  38448 | O VI 5210-5340: Saving RVs and plotting...
[14:23:07] [SpawnPoolWorker-7] HD  32125 | O VI 5210-5340: DONE
[14:23:07] [SpawnPoolWorker-7] HD  32125: Processing line 'He II 5412 & C IV 5471' (6/11)...
[14:23:07] [SpawnPoolWorker-7] HD  32125 | He II 5412 & C IV 5471: Running Double CCF...
[14:23:07] [SpawnPoolWorker-6] MNM2014 LMC195-1 | He II 5412 & C IV 5471: Saving RVs and plotting...
[14:23:07] [SpawnPoolWorker-9] HD 269818 | He II 5412 & C IV 5471: Saving RVs and plotting...
[14:23:07] [SpawnPoolWorker-7] HD  32125 | He II 5412 & C IV 5471: Saving RVs and plotting...
[14:23:08] [SpawnPoolWorker-5] Brey  95a | C III 6700-6800: DONE
[14:23:08] [SpawnPoolWorker-5] Brey  95a: Processing line 'C IV 7063' (9/11)...
[14:23:08] [SpawnPoolWorker-5] Brey  95a | C IV 7063: Running Double CCF...
[14:23:08] [SpawnPoolWorker-2] Brey  83 | C IV 5808-5812: DONE
[14:23:08] [SpawnPoolWorker-2] Brey  83: Processing line 'C III 6700-6800' (8/11)...
[14:23:08] [SpawnPoolWorker-2] Brey  83 | C III 6700-6800: Running Double CCF...
[14:23:09] [SpawnPoolWorker-4] HD  37248 | He II 4686: DONE
[14:23:09] [SpawnPoolWorker-4] HD  37248: Processing line 'O VI 5210-5340' (5/11)...
[14:23:09] [SpawnPoolWorker-4] HD  37248 | O VI 5210-5340: Running Double CCF...
[14:23:09] [SpawnPoolWorker-5] Brey  95a | C IV 7063: Saving RVs and plotting...
[14:23:09] [SpawnPoolWorker-3] HD  38029 | C IV 17396: DONE
[14:23:09] [SpawnPoolWorker-3] HD  38029: Processing line 'C IV 20842' (11/11)...
[14:23:09] [SpawnPoolWorker-3] HD  38029 | C IV 20842: Running Double CCF...
[14:23:09] [SpawnPoolWorker-2] Brey  83 | C III 6700-6800: Saving RVs and plotting...
[14:23:09] [SpawnPoolWorker-3] HD  38029 | C IV 20842: Saving RVs and plotting...
[14:23:09] [SpawnPoolWorker-8] HD  37026 | O VI 5210-5340: DONE
[14:23:09] [SpawnPoolWorker-8] HD  37026: Processing line 'He II 5412 & C IV 5471' (6/11)...
[14:23:09] [SpawnPoolWorker-8] HD  37026 | He II 5412 & C IV 5471: Running Double CCF...
[14:23:09] [SpawnPoolWorker-4] HD  37248 | O VI 5210-5340: Saving RVs and plotting...
[14:23:10] [SpawnPoolWorker-1] Brey  70 | O VI 5210-5340: DONE
[14:23:10] [SpawnPoolWorker-1] Brey  70: Processing line 'He II 5412 & C IV 5471' (6/11)...
[14:23:10] [SpawnPoolWorker-1] Brey  70 | He II 5412 & C IV 5471: Running Double CCF...
[14:23:10] [SpawnPoolWorker-11] HD  38030 | O VI 5210-5340: DONE
[14:23:10] [SpawnPoolWorker-11] HD  38030: Processing line 'He II 5412 & C IV 5471' (6/11)...
[14:23:10] [SpawnPoolWorker-11] HD  38030 | He II 5412 & C IV 5471: Running Double CCF...
[14:23:10] [SpawnPoolWorker-6] MNM2014 LMC195-1 | He II 5412 & C IV 5471: DONE
[14:23:10] [SpawnPoolWorker-6] MNM2014 LMC195-1: Processing line 'C IV 5808-5812' (7/11)...
[14:23:10] [SpawnPoolWorker-6] MNM2014 LMC195-1 | C IV 5808-5812: Running Double CCF...
[14:23:10] [SpawnPoolWorker-10] HD  38448 | O VI 5210-5340: DONE
[14:23:10] [SpawnPoolWorker-10] HD  38448: Processing line 'He II 5412 & C IV 5471' (6/11)...
[14:23:10] [SpawnPoolWorker-10] HD  38448 | He II 5412 & C IV 5471: Running Double CCF...
[14:23:10] [SpawnPoolWorker-9] HD 269818 | He II 5412 & C IV 5471: DONE
[14:23:10] [SpawnPoolWorker-9] HD 269818: Processing line 'C IV 5808-5812' (7/11)...
[14:23:10] [SpawnPoolWorker-9] HD 269818 | C IV 5808-5812: Running Double CCF...
[14:23:10] [SpawnPoolWorker-7] HD  32125 | He II 5412 & C IV 5471: DONE
[14:23:10] [SpawnPoolWorker-7] HD  32125: Processing line 'C IV 5808-5812' (7/11)...
[14:23:10] [SpawnPoolWorker-7] HD  32125 | C IV 5808-5812: Running Double CCF...
[14:23:10] [SpawnPoolWorker-8] HD  37026 | He II 5412 & C IV 5471: Saving RVs and plotting...
[14:23:10] [SpawnPoolWorker-6] MNM2014 LMC195-1 | C IV 5808-5812: Saving RVs and plotting...
[14:23:11] [SpawnPoolWorker-1] Brey  70 | He II 5412 & C IV 5471: Saving RVs and plotting...
[14:23:11] [SpawnPoolWorker-11] HD  38030 | He II 5412 & C IV 5471: Saving RVs and plotting...
[14:23:11] [SpawnPoolWorker-10] HD  38448 | He II 5412 & C IV 5471: Saving RVs and plotting...
[14:23:11] [SpawnPoolWorker-5] Brey  95a | C IV 7063: DONE
[14:23:11] [SpawnPoolWorker-5] Brey  95a: Processing line 'C IV 17396' (10/11)...
[14:23:11] [SpawnPoolWorker-5] Brey  95a | C IV 17396: Running Double CCF...
[14:23:11] [SpawnPoolWorker-5] Brey  95a | C IV 17396: Saving RVs and plotting...
[14:23:11] [SpawnPoolWorker-9] HD 269818 | C IV 5808-5812: Saving RVs and plotting...
[14:23:11] [SpawnPoolWorker-7] HD  32125 | C IV 5808-5812: Saving RVs and plotting...
[14:23:11] [SpawnPoolWorker-2] Brey  83 | C III 6700-6800: DONE
[14:23:11] [SpawnPoolWorker-2] Brey  83: Processing line 'C IV 7063' (9/11)...
[14:23:11] [SpawnPoolWorker-2] Brey  83 | C IV 7063: Running Double CCF...
[14:23:11] [SpawnPoolWorker-3] HD  38029 | C IV 20842: DONE
[14:23:11] [SpawnPoolWorker-3] FINISHED HD  38029
[14:23:11] [SpawnPoolWorker-3] STARTING HD  37680
[14:23:11] [SpawnPoolWorker-3] HD  37680: Loading star instance...
[14:23:12] [SpawnPoolWorker-2] Brey  83 | C IV 7063: Saving RVs and plotting...
[14:23:12] [SpawnPoolWorker-3] HD  37680: Interpolating 6 epochs...
[14:23:12] [SpawnPoolWorker-3] HD  37680: Processing line 'O V 3100-3175' (1/11)...
[14:23:12] [SpawnPoolWorker-3] HD  37680 | O V 3100-3175: Running Double CCF...
[14:23:13] [SpawnPoolWorker-5] Brey  95a | C IV 17396: DONE
[14:23:13] [SpawnPoolWorker-5] Brey  95a: Processing line 'C IV 20842' (11/11)...
[14:23:13] [SpawnPoolWorker-5] Brey  95a | C IV 20842: Running Double CCF...
[14:23:13] [SpawnPoolWorker-6] MNM2014 LMC195-1 | C IV 5808-5812: DONE
[14:23:13] [SpawnPoolWorker-6] MNM2014 LMC195-1: Processing line 'C III 6700-6800' (8/11)...
[14:23:13] [SpawnPoolWorker-6] MNM2014 LMC195-1 | C III 6700-6800: Running Double CCF...
[14:23:13] [SpawnPoolWorker-5] Brey  95a | C IV 20842: Saving RVs and plotting...
[14:23:13] [SpawnPoolWorker-5] Brey  95a | C IV 20842: DONE
[14:23:13] [SpawnPoolWorker-5] FINISHED Brey  95a
[14:23:13] [SpawnPoolWorker-5] STARTING Brey  58a
[14:23:13] [SpawnPoolWorker-5] Brey  58a: Loading star instance...
[14:23:13] [SpawnPoolWorker-3] HD  37680 | O V 3100-3175: Saving RVs and plotting...
[14:23:13] [SpawnPoolWorker-4] HD  37248 | O VI 5210-5340: DONE
[14:23:13] [SpawnPoolWorker-4] HD  37248: Processing line 'He II 5412 & C IV 5471' (6/11)...
[14:23:13] [SpawnPoolWorker-4] HD  37248 | He II 5412 & C IV 5471: Running Double CCF...
[14:23:13] [SpawnPoolWorker-10] HD  38448 | He II 5412 & C IV 5471: DONE
[14:23:13] [SpawnPoolWorker-10] HD  38448: Processing line 'C IV 5808-5812' (7/11)...
[14:23:13] [SpawnPoolWorker-10] HD  38448 | C IV 5808-5812: Running Double CCF...
[14:23:13] [SpawnPoolWorker-1] Brey  70 | He II 5412 & C IV 5471: DONE
[14:23:13] [SpawnPoolWorker-1] Brey  70: Processing line 'C IV 5808-5812' (7/11)...
[14:23:13] [SpawnPoolWorker-1] Brey  70 | C IV 5808-5812: Running Double CCF...
[14:23:13] [SpawnPoolWorker-8] HD  37026 | He II 5412 & C IV 5471: DONE
[14:23:13] [SpawnPoolWorker-8] HD  37026: Processing line 'C IV 5808-5812' (7/11)...
[14:23:13] [SpawnPoolWorker-8] HD  37026 | C IV 5808-5812: Running Double CCF...
[14:23:13] [SpawnPoolWorker-7] HD  32125 | C IV 5808-5812: DONE
[14:23:13] [SpawnPoolWorker-7] HD  32125: Processing line 'C III 6700-6800' (8/11)...
[14:23:13] [SpawnPoolWorker-7] HD  32125 | C III 6700-6800: Running Double CCF...
[14:23:13] [SpawnPoolWorker-9] HD 269818 | C IV 5808-5812: DONE
[14:23:13] [SpawnPoolWorker-9] HD 269818: Processing line 'C III 6700-6800' (8/11)...
[14:23:13] [SpawnPoolWorker-9] HD 269818 | C III 6700-6800: Running Double CCF...
[14:23:13] [SpawnPoolWorker-11] HD  38030 | He II 5412 & C IV 5471: DONE
[14:23:13] [SpawnPoolWorker-11] HD  38030: Processing line 'C IV 5808-5812' (7/11)...
[14:23:13] [SpawnPoolWorker-11] HD  38030 | C IV 5808-5812: Running Double CCF...
[14:23:13] [SpawnPoolWorker-6] MNM2014 LMC195-1 | C III 6700-6800: Saving RVs and plotting...
[14:23:13] [SpawnPoolWorker-2] Brey  83 | C IV 7063: DONE
[14:23:13] [SpawnPoolWorker-2] Brey  83: Processing line 'C IV 17396' (10/11)...
[14:23:13] [SpawnPoolWorker-2] Brey  83 | C IV 17396: Running Double CCF...
[14:23:13] [SpawnPoolWorker-5] Brey  58a: Interpolating 3 epochs...
[14:23:13] [SpawnPoolWorker-5] Brey  58a: Processing line 'O V 3100-3175' (1/11)...
[14:23:13] [SpawnPoolWorker-5] Brey  58a | O V 3100-3175: Running Double CCF...
[14:23:13] [SpawnPoolWorker-5] Brey  58a | O V 3100-3175: Saving RVs and plotting...
[14:23:13] [SpawnPoolWorker-5] Brey  58a | O V 3100-3175: DONE
[14:23:13] [SpawnPoolWorker-5] Brey  58a: Processing line 'O IV 3350-3480' (2/11)...
[14:23:13] [SpawnPoolWorker-5] Brey  58a | O IV 3350-3480: Running Double CCF...
[14:23:14] [SpawnPoolWorker-10] HD  38448 | C IV 5808-5812: Saving RVs and plotting...
[14:23:14] [SpawnPoolWorker-4] HD  37248 | He II 5412 & C IV 5471: Saving RVs and plotting...
[14:23:14] [SpawnPoolWorker-5] Brey  58a | O IV 3350-3480: Saving RVs and plotting...
[14:23:14] [SpawnPoolWorker-7] HD  32125 | C III 6700-6800: Saving RVs and plotting...
[14:23:14] [SpawnPoolWorker-9] HD 269818 | C III 6700-6800: Saving RVs and plotting...
[14:23:14] [SpawnPoolWorker-8] HD  37026 | C IV 5808-5812: Saving RVs and plotting...
[14:23:14] [SpawnPoolWorker-2] Brey  83 | C IV 17396: Saving RVs and plotting...
[14:23:14] [SpawnPoolWorker-1] Brey  70 | C IV 5808-5812: Saving RVs and plotting...
[14:23:14] [SpawnPoolWorker-11] HD  38030 | C IV 5808-5812: Saving RVs and plotting...
[14:23:15] [SpawnPoolWorker-5] Brey  58a | O IV 3350-3480: DONE
[14:23:15] [SpawnPoolWorker-5] Brey  58a: Processing line 'C IV 3650-3900' (3/11)...
[14:23:15] [SpawnPoolWorker-5] Brey  58a | C IV 3650-3900: Running Double CCF...
[14:23:15] [SpawnPoolWorker-3] HD  37680 | O V 3100-3175: DONE
[14:23:15] [SpawnPoolWorker-3] HD  37680: Processing line 'O IV 3350-3480' (2/11)...
[14:23:15] [SpawnPoolWorker-3] HD  37680 | O IV 3350-3480: Running Double CCF...
[14:23:15] [SpawnPoolWorker-6] MNM2014 LMC195-1 | C III 6700-6800: DONE
[14:23:15] [SpawnPoolWorker-6] MNM2014 LMC195-1: Processing line 'C IV 7063' (9/11)...
[14:23:15] [SpawnPoolWorker-6] MNM2014 LMC195-1 | C IV 7063: Running Double CCF...
[14:23:16] [SpawnPoolWorker-5] Brey  58a | C IV 3650-3900: Saving RVs and plotting...
[14:23:16] [SpawnPoolWorker-2] Brey  83 | C IV 17396: DONE
[14:23:16] [SpawnPoolWorker-2] Brey  83: Processing line 'C IV 20842' (11/11)...
[14:23:16] [SpawnPoolWorker-2] Brey  83 | C IV 20842: Running Double CCF...
[14:23:16] [SpawnPoolWorker-7] HD  32125 | C III 6700-6800: DONE
[14:23:16] [SpawnPoolWorker-7] HD  32125: Processing line 'C IV 7063' (9/11)...
[14:23:16] [SpawnPoolWorker-7] HD  32125 | C IV 7063: Running Double CCF...
[14:23:16] [SpawnPoolWorker-9] HD 269818 | C III 6700-6800: DONE
[14:23:16] [SpawnPoolWorker-9] HD 269818: Processing line 'C IV 7063' (9/11)...
[14:23:16] [SpawnPoolWorker-9] HD 269818 | C IV 7063: Running Double CCF...
[14:23:16] [SpawnPoolWorker-10] HD  38448 | C IV 5808-5812: DONE
[14:23:16] [SpawnPoolWorker-10] HD  38448: Processing line 'C III 6700-6800' (8/11)...
[14:23:16] [SpawnPoolWorker-10] HD  38448 | C III 6700-6800: Running Double CCF...
[14:23:16] [SpawnPoolWorker-8] HD  37026 | C IV 5808-5812: DONE
[14:23:16] [SpawnPoolWorker-8] HD  37026: Processing line 'C III 6700-6800' (8/11)...
[14:23:16] [SpawnPoolWorker-8] HD  37026 | C III 6700-6800: Running Double CCF...
[14:23:16] [SpawnPoolWorker-3] HD  37680 | O IV 3350-3480: Saving RVs and plotting...
[14:23:16] [SpawnPoolWorker-6] MNM2014 LMC195-1 | C IV 7063: Saving RVs and plotting...
[14:23:16] [SpawnPoolWorker-2] Brey  83 | C IV 20842: Saving RVs and plotting...
[14:23:16] [SpawnPoolWorker-1] Brey  70 | C IV 5808-5812: DONE
[14:23:16] [SpawnPoolWorker-1] Brey  70: Processing line 'C III 6700-6800' (8/11)...
[14:23:16] [SpawnPoolWorker-1] Brey  70 | C III 6700-6800: Running Double CCF...
[14:23:17] [SpawnPoolWorker-11] HD  38030 | C IV 5808-5812: DONE
[14:23:17] [SpawnPoolWorker-11] HD  38030: Processing line 'C III 6700-6800' (8/11)...
[14:23:17] [SpawnPoolWorker-11] HD  38030 | C III 6700-6800: Running Double CCF...
[14:23:17] [SpawnPoolWorker-7] HD  32125 | C IV 7063: Saving RVs and plotting...
[14:23:17] [SpawnPoolWorker-9] HD 269818 | C IV 7063: Saving RVs and plotting...
[14:23:17] [SpawnPoolWorker-4] HD  37248 | He II 5412 & C IV 5471: DONE
[14:23:17] [SpawnPoolWorker-4] HD  37248: Processing line 'C IV 5808-5812' (7/11)...
[14:23:17] [SpawnPoolWorker-4] HD  37248 | C IV 5808-5812: Running Double CCF...
[14:23:17] [SpawnPoolWorker-5] Brey  58a | C IV 3650-3900: DONE
[14:23:17] [SpawnPoolWorker-5] Brey  58a: Processing line 'He II 4686' (4/11)...
[14:23:17] [SpawnPoolWorker-5] Brey  58a | He II 4686: Running Double CCF...
[14:23:17] [SpawnPoolWorker-10] HD  38448 | C III 6700-6800: Saving RVs and plotting...
[14:23:17] [SpawnPoolWorker-8] HD  37026 | C III 6700-6800: Saving RVs and plotting...
[14:23:17] [SpawnPoolWorker-5] Brey  58a | He II 4686: Saving RVs and plotting...
[14:23:17] [SpawnPoolWorker-1] Brey  70 | C III 6700-6800: Saving RVs and plotting...
[14:23:17] [SpawnPoolWorker-11] HD  38030 | C III 6700-6800: Saving RVs and plotting...
[14:23:18] [SpawnPoolWorker-4] HD  37248 | C IV 5808-5812: Saving RVs and plotting...
[14:23:18] [SpawnPoolWorker-2] Brey  83 | C IV 20842: DONE
[14:23:18] [SpawnPoolWorker-2] FINISHED Brey  83
[14:23:18] [SpawnPoolWorker-2] STARTING HD  32228
[14:23:18] [SpawnPoolWorker-2] HD  32228: Loading star instance...
[14:23:18] [SpawnPoolWorker-6] MNM2014 LMC195-1 | C IV 7063: DONE
[14:23:18] [SpawnPoolWorker-6] MNM2014 LMC195-1: Processing line 'C IV 17396' (10/11)...
[14:23:18] [SpawnPoolWorker-6] MNM2014 LMC195-1 | C IV 17396: Running Double CCF...
[14:23:19] [SpawnPoolWorker-5] Brey  58a | He II 4686: DONE
[14:23:19] [SpawnPoolWorker-5] Brey  58a: Processing line 'O VI 5210-5340' (5/11)...
[14:23:19] [SpawnPoolWorker-5] Brey  58a | O VI 5210-5340: Running Double CCF...
[14:23:19] [SpawnPoolWorker-2] HD  32228: Interpolating 4 epochs...
[14:23:19] [SpawnPoolWorker-2] HD  32228: Processing line 'O V 3100-3175' (1/11)...
[14:23:19] [SpawnPoolWorker-2] HD  32228 | O V 3100-3175: Running Double CCF...
[14:23:19] [SpawnPoolWorker-7] HD  32125 | C IV 7063: DONE
[14:23:19] [SpawnPoolWorker-7] HD  32125: Processing line 'C IV 17396' (10/11)...
[14:23:19] [SpawnPoolWorker-7] HD  32125 | C IV 17396: Running Double CCF...
[14:23:19] [SpawnPoolWorker-3] HD  37680 | O IV 3350-3480: DONE
[14:23:19] [SpawnPoolWorker-3] HD  37680: Processing line 'C IV 3650-3900' (3/11)...
[14:23:19] [SpawnPoolWorker-3] HD  37680 | C IV 3650-3900: Running Double CCF...
[14:23:19] [SpawnPoolWorker-9] HD 269818 | C IV 7063: DONE
[14:23:19] [SpawnPoolWorker-9] HD 269818: Processing line 'C IV 17396' (10/11)...
[14:23:19] [SpawnPoolWorker-9] HD 269818 | C IV 17396: Running Double CCF...
[14:23:19] [SpawnPoolWorker-5] Brey  58a | O VI 5210-5340: Saving RVs and plotting...
[14:23:19] [SpawnPoolWorker-6] MNM2014 LMC195-1 | C IV 17396: Saving RVs and plotting...
[14:23:20] [SpawnPoolWorker-2] HD  32228 | O V 3100-3175: Saving RVs and plotting...
[14:23:20] [SpawnPoolWorker-7] HD  32125 | C IV 17396: Saving RVs and plotting...
[14:23:20] [SpawnPoolWorker-3] HD  37680 | C IV 3650-3900: Saving RVs and plotting...
[14:23:20] [SpawnPoolWorker-10] HD  38448 | C III 6700-6800: DONE
[14:23:20] [SpawnPoolWorker-10] HD  38448: Processing line 'C IV 7063' (9/11)...
[14:23:20] [SpawnPoolWorker-10] HD  38448 | C IV 7063: Running Double CCF...
[14:23:20] [SpawnPoolWorker-8] HD  37026 | C III 6700-6800: DONE
[14:23:20] [SpawnPoolWorker-8] HD  37026: Processing line 'C IV 7063' (9/11)...
[14:23:20] [SpawnPoolWorker-8] HD  37026 | C IV 7063: Running Double CCF...
[14:23:20] [SpawnPoolWorker-9] HD 269818 | C IV 17396: Saving RVs and plotting...
[14:23:20] [SpawnPoolWorker-1] Brey  70 | C III 6700-6800: DONE
[14:23:20] [SpawnPoolWorker-1] Brey  70: Processing line 'C IV 7063' (9/11)...
[14:23:20] [SpawnPoolWorker-1] Brey  70 | C IV 7063: Running Double CCF...
[14:23:21] [SpawnPoolWorker-11] HD  38030 | C III 6700-6800: DONE
[14:23:21] [SpawnPoolWorker-11] HD  38030: Processing line 'C IV 7063' (9/11)...
[14:23:21] [SpawnPoolWorker-11] HD  38030 | C IV 7063: Running Double CCF...
[14:23:21] [SpawnPoolWorker-5] Brey  58a | O VI 5210-5340: DONE
[14:23:21] [SpawnPoolWorker-5] Brey  58a: Processing line 'He II 5412 & C IV 5471' (6/11)...
[14:23:21] [SpawnPoolWorker-5] Brey  58a | He II 5412 & C IV 5471: Running Double CCF...
[14:23:21] [SpawnPoolWorker-10] HD  38448 | C IV 7063: Saving RVs and plotting...
[14:23:21] [SpawnPoolWorker-8] HD  37026 | C IV 7063: Saving RVs and plotting...
[14:23:21] [SpawnPoolWorker-1] Brey  70 | C IV 7063: Saving RVs and plotting...
[14:23:21] [SpawnPoolWorker-11] HD  38030 | C IV 7063: Saving RVs and plotting...
[14:23:21] [SpawnPoolWorker-5] Brey  58a | He II 5412 & C IV 5471: Saving RVs and plotting...
[14:23:22] [SpawnPoolWorker-4] HD  37248 | C IV 5808-5812: DONE
[14:23:22] [SpawnPoolWorker-4] HD  37248: Processing line 'C III 6700-6800' (8/11)...
[14:23:22] [SpawnPoolWorker-4] HD  37248 | C III 6700-6800: Running Double CCF...
[14:23:22] [SpawnPoolWorker-2] HD  32228 | O V 3100-3175: DONE
[14:23:22] [SpawnPoolWorker-2] HD  32228: Processing line 'O IV 3350-3480' (2/11)...
[14:23:22] [SpawnPoolWorker-2] HD  32228 | O IV 3350-3480: Running Double CCF...
[14:23:22] [SpawnPoolWorker-6] MNM2014 LMC195-1 | C IV 17396: DONE
[14:23:22] [SpawnPoolWorker-6] MNM2014 LMC195-1: Processing line 'C IV 20842' (11/11)...
[14:23:22] [SpawnPoolWorker-6] MNM2014 LMC195-1 | C IV 20842: Running Double CCF...
[14:23:22] [SpawnPoolWorker-2] HD  32228 | O IV 3350-3480: Saving RVs and plotting...
[14:23:23] [SpawnPoolWorker-4] HD  37248 | C III 6700-6800: Saving RVs and plotting...
[14:23:23] [SpawnPoolWorker-9] HD 269818 | C IV 17396: DONE
[14:23:23] [SpawnPoolWorker-9] HD 269818: Processing line 'C IV 20842' (11/11)...
[14:23:23] [SpawnPoolWorker-9] HD 269818 | C IV 20842: Running Double CCF...
[14:23:23] [SpawnPoolWorker-7] HD  32125 | C IV 17396: DONE
[14:23:23] [SpawnPoolWorker-7] HD  32125: Processing line 'C IV 20842' (11/11)...
[14:23:23] [SpawnPoolWorker-7] HD  32125 | C IV 20842: Running Double CCF...
[14:23:23] [SpawnPoolWorker-6] MNM2014 LMC195-1 | C IV 20842: Saving RVs and plotting...
[14:23:23] [SpawnPoolWorker-5] Brey  58a | He II 5412 & C IV 5471: DONE
[14:23:23] [SpawnPoolWorker-5] Brey  58a: Processing line 'C IV 5808-5812' (7/11)...
[14:23:23] [SpawnPoolWorker-5] Brey  58a | C IV 5808-5812: Running Double CCF...
[14:23:23] [SpawnPoolWorker-3] HD  37680 | C IV 3650-3900: DONE
[14:23:23] [SpawnPoolWorker-3] HD  37680: Processing line 'He II 4686' (4/11)...
[14:23:23] [SpawnPoolWorker-3] HD  37680 | He II 4686: Running Double CCF...
[14:23:23] [SpawnPoolWorker-5] Brey  58a | C IV 5808-5812: Saving RVs and plotting...
[14:23:23] [SpawnPoolWorker-9] HD 269818 | C IV 20842: Saving RVs and plotting...
[14:23:23] [SpawnPoolWorker-7] HD  32125 | C IV 20842: Saving RVs and plotting...
[14:23:24] [SpawnPoolWorker-10] HD  38448 | C IV 7063: DONE
[14:23:24] [SpawnPoolWorker-10] HD  38448: Processing line 'C IV 17396' (10/11)...
[14:23:24] [SpawnPoolWorker-10] HD  38448 | C IV 17396: Running Double CCF...
[14:23:24] [SpawnPoolWorker-8] HD  37026 | C IV 7063: DONE
[14:23:24] [SpawnPoolWorker-8] HD  37026: Processing line 'C IV 17396' (10/11)...
[14:23:24] [SpawnPoolWorker-8] HD  37026 | C IV 17396: Running Double CCF...
[14:23:24] [SpawnPoolWorker-3] HD  37680 | He II 4686: Saving RVs and plotting...
[14:23:24] [SpawnPoolWorker-11] HD  38030 | C IV 7063: DONE
[14:23:24] [SpawnPoolWorker-11] HD  38030: Processing line 'C IV 17396' (10/11)...
[14:23:24] [SpawnPoolWorker-11] HD  38030 | C IV 17396: Running Double CCF...
[14:23:24] [SpawnPoolWorker-2] HD  32228 | O IV 3350-3480: DONE
[14:23:24] [SpawnPoolWorker-2] HD  32228: Processing line 'C IV 3650-3900' (3/11)...
[14:23:24] [SpawnPoolWorker-2] HD  32228 | C IV 3650-3900: Running Double CCF...
[14:23:24] [SpawnPoolWorker-1] Brey  70 | C IV 7063: DONE
[14:23:24] [SpawnPoolWorker-1] Brey  70: Processing line 'C IV 17396' (10/11)...
[14:23:24] [SpawnPoolWorker-1] Brey  70 | C IV 17396: Running Double CCF...
[14:23:25] [SpawnPoolWorker-10] HD  38448 | C IV 17396: Saving RVs and plotting...
[14:23:25] [SpawnPoolWorker-8] HD  37026 | C IV 17396: Saving RVs and plotting...
[14:23:25] [SpawnPoolWorker-5] Brey  58a | C IV 5808-5812: DONE
[14:23:25] [SpawnPoolWorker-5] Brey  58a: Processing line 'C III 6700-6800' (8/11)...
[14:23:25] [SpawnPoolWorker-5] Brey  58a | C III 6700-6800: Running Double CCF...
[14:23:25] [SpawnPoolWorker-2] HD  32228 | C IV 3650-3900: Saving RVs and plotting...
[14:23:25] [SpawnPoolWorker-11] HD  38030 | C IV 17396: Saving RVs and plotting...
[14:23:25] [SpawnPoolWorker-6] MNM2014 LMC195-1 | C IV 20842: DONE
[14:23:25] [SpawnPoolWorker-6] FINISHED MNM2014 LMC195-1
[14:23:25] [SpawnPoolWorker-6] STARTING HD  32257
[14:23:25] [SpawnPoolWorker-6] HD  32257: Loading star instance...
[14:23:25] [SpawnPoolWorker-5] Brey  58a | C III 6700-6800: Saving RVs and plotting...
[14:23:25] [SpawnPoolWorker-1] Brey  70 | C IV 17396: Saving RVs and plotting...
[14:23:26] [SpawnPoolWorker-4] HD  37248 | C III 6700-6800: DONE
[14:23:26] [SpawnPoolWorker-4] HD  37248: Processing line 'C IV 7063' (9/11)...
[14:23:26] [SpawnPoolWorker-4] HD  37248 | C IV 7063: Running Double CCF...
[14:23:26] [SpawnPoolWorker-9] HD 269818 | C IV 20842: DONE
[14:23:26] [SpawnPoolWorker-9] FINISHED HD 269818
[14:23:26] [SpawnPoolWorker-9] STARTING HD 269888
[14:23:26] [SpawnPoolWorker-9] HD 269888: Loading star instance...
[14:23:26] [SpawnPoolWorker-6] HD  32257: Interpolating 7 epochs...
[14:23:26] [SpawnPoolWorker-7] HD  32125 | C IV 20842: DONE
[14:23:26] [SpawnPoolWorker-7] FINISHED HD  32125
[14:23:26] [SpawnPoolWorker-7] STARTING HD  36156
[14:23:26] [SpawnPoolWorker-7] HD  36156: Loading star instance...
[14:23:26] [SpawnPoolWorker-6] HD  32257: Processing line 'O V 3100-3175' (1/11)...
[14:23:26] [SpawnPoolWorker-6] HD  32257 | O V 3100-3175: Running Double CCF...
[14:23:27] [SpawnPoolWorker-9] HD 269888: Interpolating 6 epochs...
[14:23:27] [SpawnPoolWorker-9] HD 269888: Processing line 'O V 3100-3175' (1/11)...
[14:23:27] [SpawnPoolWorker-9] HD 269888 | O V 3100-3175: Running Double CCF...
[14:23:27] [SpawnPoolWorker-5] Brey  58a | C III 6700-6800: DONE
[14:23:27] [SpawnPoolWorker-5] Brey  58a: Processing line 'C IV 7063' (9/11)...
[14:23:27] [SpawnPoolWorker-5] Brey  58a | C IV 7063: Running Double CCF...
[14:23:27] [SpawnPoolWorker-7] HD  36156: Interpolating 7 epochs...
[14:23:27] [SpawnPoolWorker-7] HD  36156: Processing line 'O V 3100-3175' (1/11)...
[14:23:27] [SpawnPoolWorker-7] HD  36156 | O V 3100-3175: Running Double CCF...
[14:23:27] [SpawnPoolWorker-4] HD  37248 | C IV 7063: Saving RVs and plotting...
[14:23:27] [SpawnPoolWorker-6] HD  32257 | O V 3100-3175: Saving RVs and plotting...
[14:23:27] [SpawnPoolWorker-2] HD  32228 | C IV 3650-3900: DONE
[14:23:27] [SpawnPoolWorker-2] HD  32228: Processing line 'He II 4686' (4/11)...
[14:23:27] [SpawnPoolWorker-2] HD  32228 | He II 4686: Running Double CCF...
[14:23:27] [SpawnPoolWorker-3] HD  37680 | He II 4686: DONE
[14:23:27] [SpawnPoolWorker-3] HD  37680: Processing line 'O VI 5210-5340' (5/11)...
[14:23:27] [SpawnPoolWorker-3] HD  37680 | O VI 5210-5340: Running Double CCF...
[14:23:27] [SpawnPoolWorker-5] Brey  58a | C IV 7063: Saving RVs and plotting...
[14:23:28] [SpawnPoolWorker-7] HD  36156 | O V 3100-3175: Saving RVs and plotting...
[14:23:28] [SpawnPoolWorker-2] HD  32228 | He II 4686: Saving RVs and plotting...
[14:23:28] [SpawnPoolWorker-9] HD 269888 | O V 3100-3175: Saving RVs and plotting...
[14:23:28] [SpawnPoolWorker-10] HD  38448 | C IV 17396: DONE
[14:23:28] [SpawnPoolWorker-10] HD  38448: Processing line 'C IV 20842' (11/11)...
[14:23:28] [SpawnPoolWorker-10] HD  38448 | C IV 20842: Running Double CCF...
[14:23:28] [SpawnPoolWorker-3] HD  37680 | O VI 5210-5340: Saving RVs and plotting...
[14:23:28] [SpawnPoolWorker-8] HD  37026 | C IV 17396: DONE
[14:23:28] [SpawnPoolWorker-8] HD  37026: Processing line 'C IV 20842' (11/11)...
[14:23:28] [SpawnPoolWorker-8] HD  37026 | C IV 20842: Running Double CCF...
[14:23:28] [SpawnPoolWorker-1] Brey  70 | C IV 17396: DONE
[14:23:28] [SpawnPoolWorker-1] Brey  70: Processing line 'C IV 20842' (11/11)...
[14:23:28] [SpawnPoolWorker-1] Brey  70 | C IV 20842: Running Double CCF...
[14:23:28] [SpawnPoolWorker-11] HD  38030 | C IV 17396: DONE
[14:23:28] [SpawnPoolWorker-11] HD  38030: Processing line 'C IV 20842' (11/11)...
[14:23:28] [SpawnPoolWorker-11] HD  38030 | C IV 20842: Running Double CCF...
[14:23:28] [SpawnPoolWorker-5] Brey  58a | C IV 7063: DONE
[14:23:28] [SpawnPoolWorker-5] Brey  58a: Processing line 'C IV 17396' (10/11)...
[14:23:28] [SpawnPoolWorker-5] Brey  58a | C IV 17396: Running Double CCF...
[14:23:29] [SpawnPoolWorker-10] HD  38448 | C IV 20842: Saving RVs and plotting...
[14:23:29] [SpawnPoolWorker-5] Brey  58a | C IV 17396: Saving RVs and plotting...
[14:23:29] [SpawnPoolWorker-8] HD  37026 | C IV 20842: Saving RVs and plotting...
[14:23:29] [SpawnPoolWorker-1] Brey  70 | C IV 20842: Saving RVs and plotting...
[14:23:29] [SpawnPoolWorker-11] HD  38030 | C IV 20842: Saving RVs and plotting...
[14:23:29] [SpawnPoolWorker-2] HD  32228 | He II 4686: DONE
[14:23:29] [SpawnPoolWorker-2] HD  32228: Processing line 'O VI 5210-5340' (5/11)...
[14:23:29] [SpawnPoolWorker-2] HD  32228 | O VI 5210-5340: Running Double CCF...
[14:23:30] [SpawnPoolWorker-6] HD  32257 | O V 3100-3175: DONE
[14:23:30] [SpawnPoolWorker-6] HD  32257: Processing line 'O IV 3350-3480' (2/11)...
[14:23:30] [SpawnPoolWorker-6] HD  32257 | O IV 3350-3480: Running Double CCF...
[14:23:30] [SpawnPoolWorker-7] HD  36156 | O V 3100-3175: DONE
[14:23:30] [SpawnPoolWorker-7] HD  36156: Processing line 'O IV 3350-3480' (2/11)...
[14:23:30] [SpawnPoolWorker-7] HD  36156 | O IV 3350-3480: Running Double CCF...
[14:23:30] [SpawnPoolWorker-2] HD  32228 | O VI 5210-5340: Saving RVs and plotting...
[14:23:30] [SpawnPoolWorker-4] HD  37248 | C IV 7063: DONE
[14:23:30] [SpawnPoolWorker-4] HD  37248: Processing line 'C IV 17396' (10/11)...
[14:23:30] [SpawnPoolWorker-4] HD  37248 | C IV 17396: Running Double CCF...
[14:23:30] [SpawnPoolWorker-9] HD 269888 | O V 3100-3175: DONE
[14:23:30] [SpawnPoolWorker-9] HD 269888: Processing line 'O IV 3350-3480' (2/11)...
[14:23:30] [SpawnPoolWorker-9] HD 269888 | O IV 3350-3480: Running Double CCF...
[14:23:30] [SpawnPoolWorker-5] Brey  58a | C IV 17396: DONE
[14:23:30] [SpawnPoolWorker-5] Brey  58a: Processing line 'C IV 20842' (11/11)...
[14:23:30] [SpawnPoolWorker-5] Brey  58a | C IV 20842: Running Double CCF...
[14:23:31] [SpawnPoolWorker-6] HD  32257 | O IV 3350-3480: Saving RVs and plotting...
[14:23:31] [SpawnPoolWorker-3] HD  37680 | O VI 5210-5340: DONE
[14:23:31] [SpawnPoolWorker-3] HD  37680: Processing line 'He II 5412 & C IV 5471' (6/11)...
[14:23:31] [SpawnPoolWorker-3] HD  37680 | He II 5412 & C IV 5471: Running Double CCF...
[14:23:31] [SpawnPoolWorker-7] HD  36156 | O IV 3350-3480: Saving RVs and plotting...
[14:23:31] [SpawnPoolWorker-5] Brey  58a | C IV 20842: Saving RVs and plotting...
[14:23:31] [SpawnPoolWorker-9] HD 269888 | O IV 3350-3480: Saving RVs and plotting...
[14:23:31] [SpawnPoolWorker-4] HD  37248 | C IV 17396: Saving RVs and plotting...
[14:23:32] [SpawnPoolWorker-10] HD  38448 | C IV 20842: DONE
[14:23:32] [SpawnPoolWorker-10] FINISHED HD  38448
[14:23:32] [SpawnPoolWorker-10] STARTING H2013 LMCe  584
[14:23:32] [SpawnPoolWorker-10] H2013 LMCe  584: Loading star instance...
[14:23:32] [SpawnPoolWorker-3] HD  37680 | He II 5412 & C IV 5471: Saving RVs and plotting...
[14:23:32] [SpawnPoolWorker-2] HD  32228 | O VI 5210-5340: DONE
[14:23:32] [SpawnPoolWorker-2] HD  32228: Processing line 'He II 5412 & C IV 5471' (6/11)...
[14:23:32] [SpawnPoolWorker-2] HD  32228 | He II 5412 & C IV 5471: Running Double CCF...
[14:23:32] [SpawnPoolWorker-2] HD  32228 | He II 5412 & C IV 5471: Saving RVs and plotting...
[14:23:32] [SpawnPoolWorker-8] HD  37026 | C IV 20842: DONE
[14:23:32] [SpawnPoolWorker-8] FINISHED HD  37026
[14:23:32] [SpawnPoolWorker-8] STARTING RMC 140
[14:23:32] [SpawnPoolWorker-8] RMC 140: Loading star instance...
[14:23:32] [SpawnPoolWorker-2] HD  32228 | He II 5412 & C IV 5471: DONE
[14:23:32] [SpawnPoolWorker-2] HD  32228: Processing line 'C IV 5808-5812' (7/11)...
[14:23:32] [SpawnPoolWorker-2] HD  32228 | C IV 5808-5812: Running Double CCF...
[14:23:32] [SpawnPoolWorker-1] Brey  70 | C IV 20842: DONE
[14:23:32] [SpawnPoolWorker-1] FINISHED Brey  70
[14:23:32] [SpawnPoolWorker-1] STARTING HD  32402
[14:23:32] [SpawnPoolWorker-1] HD  32402: Loading star instance...
[14:23:32] [SpawnPoolWorker-11] HD  38030 | C IV 20842: DONE
[14:23:32] [SpawnPoolWorker-11] FINISHED HD  38030
[14:23:32] [SpawnPoolWorker-11] STARTING Brey  70a
[14:23:32] [SpawnPoolWorker-11] Brey  70a: Loading star instance...
[14:23:32] [SpawnPoolWorker-5] Brey  58a | C IV 20842: DONE
[14:23:32] [SpawnPoolWorker-5] FINISHED Brey  58a
[14:23:32] [SpawnPoolWorker-5] STARTING Brey  16a
[14:23:32] [SpawnPoolWorker-5] Brey  16a: Loading star instance...
[14:23:32] [SpawnPoolWorker-10] H2013 LMCe  584: Interpolating 5 epochs...
[14:23:32] [SpawnPoolWorker-10] H2013 LMCe  584: Processing line 'O V 3100-3175' (1/11)...
[14:23:32] [SpawnPoolWorker-10] H2013 LMCe  584 | O V 3100-3175: Running Double CCF...
[14:23:32] [SpawnPoolWorker-2] HD  32228 | C IV 5808-5812: Saving RVs and plotting...
[14:23:32] [SpawnPoolWorker-8] RMC 140: Interpolating 7 epochs...
[14:23:32] [SpawnPoolWorker-1] HD  32402: Interpolating 6 epochs...
[14:23:32] [SpawnPoolWorker-8] RMC 140: Processing line 'O V 3100-3175' (1/11)...
[14:23:32] [SpawnPoolWorker-8] RMC 140 | O V 3100-3175: Running Double CCF...
[14:23:32] [SpawnPoolWorker-1] HD  32402: Processing line 'O V 3100-3175' (1/11)...
[14:23:32] [SpawnPoolWorker-1] HD  32402 | O V 3100-3175: Running Double CCF...
[14:23:33] [SpawnPoolWorker-8] RMC 140 | O V 3100-3175: Saving RVs and plotting...
[14:23:33] [SpawnPoolWorker-11] Brey  70a: Interpolating 5 epochs...
[14:23:33] [SpawnPoolWorker-8] RMC 140 | O V 3100-3175: DONE
[14:23:33] [SpawnPoolWorker-8] RMC 140: Processing line 'O IV 3350-3480' (2/11)...
[14:23:33] [SpawnPoolWorker-8] RMC 140 | O IV 3350-3480: Running Double CCF...
[14:23:33] [SpawnPoolWorker-11] Brey  70a: Processing line 'O V 3100-3175' (1/11)...
[14:23:33] [SpawnPoolWorker-11] Brey  70a | O V 3100-3175: Running Double CCF...
[14:23:33] [SpawnPoolWorker-5] Brey  16a: Interpolating 6 epochs...
[14:23:33] [SpawnPoolWorker-8] RMC 140 | O IV 3350-3480: Saving RVs and plotting...
[14:23:33] [SpawnPoolWorker-8] RMC 140 | O IV 3350-3480: DONE
[14:23:33] [SpawnPoolWorker-8] RMC 140: Processing line 'C IV 3650-3900' (3/11)...
[14:23:33] [SpawnPoolWorker-8] RMC 140 | C IV 3650-3900: Running Double CCF...
[14:23:33] [SpawnPoolWorker-5] Brey  16a: Processing line 'O V 3100-3175' (1/11)...
[14:23:33] [SpawnPoolWorker-5] Brey  16a | O V 3100-3175: Running Double CCF...
[14:23:33] [SpawnPoolWorker-10] H2013 LMCe  584 | O V 3100-3175: Saving RVs and plotting...
[14:23:33] [SpawnPoolWorker-11] Brey  70a | O V 3100-3175: Saving RVs and plotting...
[14:23:33] [SpawnPoolWorker-1] HD  32402 | O V 3100-3175: Saving RVs and plotting...
[14:23:34] [SpawnPoolWorker-5] Brey  16a | O V 3100-3175: Saving RVs and plotting...
[14:23:34] [SpawnPoolWorker-9] HD 269888 | O IV 3350-3480: DONE
[14:23:34] [SpawnPoolWorker-9] HD 269888: Processing line 'C IV 3650-3900' (3/11)...
[14:23:34] [SpawnPoolWorker-9] HD 269888 | C IV 3650-3900: Running Double CCF...
[14:23:34] [SpawnPoolWorker-6] HD  32257 | O IV 3350-3480: DONE
[14:23:34] [SpawnPoolWorker-6] HD  32257: Processing line 'C IV 3650-3900' (3/11)...
[14:23:34] [SpawnPoolWorker-6] HD  32257 | C IV 3650-3900: Running Double CCF...
[14:23:34] [SpawnPoolWorker-8] RMC 140 | C IV 3650-3900: Saving RVs and plotting...
[14:23:34] [SpawnPoolWorker-2] HD  32228 | C IV 5808-5812: DONE
[14:23:34] [SpawnPoolWorker-2] HD  32228: Processing line 'C III 6700-6800' (8/11)...
[14:23:34] [SpawnPoolWorker-2] HD  32228 | C III 6700-6800: Running Double CCF...
[14:23:34] [SpawnPoolWorker-7] HD  36156 | O IV 3350-3480: DONE
[14:23:34] [SpawnPoolWorker-7] HD  36156: Processing line 'C IV 3650-3900' (3/11)...
[14:23:34] [SpawnPoolWorker-7] HD  36156 | C IV 3650-3900: Running Double CCF...
[14:23:34] [SpawnPoolWorker-3] HD  37680 | He II 5412 & C IV 5471: DONE
[14:23:34] [SpawnPoolWorker-3] HD  37680: Processing line 'C IV 5808-5812' (7/11)...
[14:23:34] [SpawnPoolWorker-3] HD  37680 | C IV 5808-5812: Running Double CCF...
[14:23:34] [SpawnPoolWorker-4] HD  37248 | C IV 17396: DONE
[14:23:34] [SpawnPoolWorker-4] HD  37248: Processing line 'C IV 20842' (11/11)...
[14:23:34] [SpawnPoolWorker-4] HD  37248 | C IV 20842: Running Double CCF...
[14:23:34] [SpawnPoolWorker-2] HD  32228 | C III 6700-6800: Saving RVs and plotting...
[14:23:35] [SpawnPoolWorker-9] HD 269888 | C IV 3650-3900: Saving RVs and plotting...
[14:23:35] [SpawnPoolWorker-6] HD  32257 | C IV 3650-3900: Saving RVs and plotting...
[14:23:35] [SpawnPoolWorker-3] HD  37680 | C IV 5808-5812: Saving RVs and plotting...
[14:23:35] [SpawnPoolWorker-7] HD  36156 | C IV 3650-3900: Saving RVs and plotting...
[14:23:35] [SpawnPoolWorker-10] H2013 LMCe  584 | O V 3100-3175: DONE
[14:23:35] [SpawnPoolWorker-10] H2013 LMCe  584: Processing line 'O IV 3350-3480' (2/11)...
[14:23:35] [SpawnPoolWorker-10] H2013 LMCe  584 | O IV 3350-3480: Running Double CCF...
[14:23:35] [SpawnPoolWorker-4] HD  37248 | C IV 20842: Saving RVs and plotting...
[14:23:35] [SpawnPoolWorker-11] Brey  70a | O V 3100-3175: DONE
[14:23:35] [SpawnPoolWorker-11] Brey  70a: Processing line 'O IV 3350-3480' (2/11)...
[14:23:35] [SpawnPoolWorker-11] Brey  70a | O IV 3350-3480: Running Double CCF...
[14:23:36] [SpawnPoolWorker-10] H2013 LMCe  584 | O IV 3350-3480: Saving RVs and plotting...
[14:23:36] [SpawnPoolWorker-11] Brey  70a | O IV 3350-3480: Saving RVs and plotting...
[14:23:36] [SpawnPoolWorker-1] HD  32402 | O V 3100-3175: DONE
[14:23:36] [SpawnPoolWorker-1] HD  32402: Processing line 'O IV 3350-3480' (2/11)...
[14:23:36] [SpawnPoolWorker-1] HD  32402 | O IV 3350-3480: Running Double CCF...
[14:23:36] [SpawnPoolWorker-2] HD  32228 | C III 6700-6800: DONE
[14:23:36] [SpawnPoolWorker-2] HD  32228: Processing line 'C IV 7063' (9/11)...
[14:23:36] [SpawnPoolWorker-2] HD  32228 | C IV 7063: Running Double CCF...
[14:23:37] [SpawnPoolWorker-5] Brey  16a | O V 3100-3175: DONE
[14:23:37] [SpawnPoolWorker-5] Brey  16a: Processing line 'O IV 3350-3480' (2/11)...
[14:23:37] [SpawnPoolWorker-5] Brey  16a | O IV 3350-3480: Running Double CCF...
[14:23:37] [SpawnPoolWorker-2] HD  32228 | C IV 7063: Saving RVs and plotting...
[14:23:37] [SpawnPoolWorker-1] HD  32402 | O IV 3350-3480: Saving RVs and plotting...
[14:23:37] [SpawnPoolWorker-8] RMC 140 | C IV 3650-3900: DONE
[14:23:37] [SpawnPoolWorker-8] RMC 140: Processing line 'He II 4686' (4/11)...
[14:23:37] [SpawnPoolWorker-8] RMC 140 | He II 4686: Running Double CCF...
[14:23:38] [SpawnPoolWorker-5] Brey  16a | O IV 3350-3480: Saving RVs and plotting...
[14:23:38] [SpawnPoolWorker-9] HD 269888 | C IV 3650-3900: DONE
[14:23:38] [SpawnPoolWorker-9] HD 269888: Processing line 'He II 4686' (4/11)...
[14:23:38] [SpawnPoolWorker-9] HD 269888 | He II 4686: Running Double CCF...
[14:23:38] [SpawnPoolWorker-3] HD  37680 | C IV 5808-5812: DONE
[14:23:38] [SpawnPoolWorker-3] HD  37680: Processing line 'C III 6700-6800' (8/11)...
[14:23:38] [SpawnPoolWorker-3] HD  37680 | C III 6700-6800: Running Double CCF...
[14:23:38] [SpawnPoolWorker-6] HD  32257 | C IV 3650-3900: DONE
[14:23:38] [SpawnPoolWorker-6] HD  32257: Processing line 'He II 4686' (4/11)...
[14:23:38] [SpawnPoolWorker-6] HD  32257 | He II 4686: Running Double CCF...
[14:23:38] [SpawnPoolWorker-10] H2013 LMCe  584 | O IV 3350-3480: DONE
[14:23:38] [SpawnPoolWorker-10] H2013 LMCe  584: Processing line 'C IV 3650-3900' (3/11)...
[14:23:38] [SpawnPoolWorker-10] H2013 LMCe  584 | C IV 3650-3900: Running Double CCF...
[14:23:38] [SpawnPoolWorker-7] HD  36156 | C IV 3650-3900: DONE
[14:23:38] [SpawnPoolWorker-7] HD  36156: Processing line 'He II 4686' (4/11)...
[14:23:38] [SpawnPoolWorker-7] HD  36156 | He II 4686: Running Double CCF...
[14:23:38] [SpawnPoolWorker-11] Brey  70a | O IV 3350-3480: DONE
[14:23:38] [SpawnPoolWorker-11] Brey  70a: Processing line 'C IV 3650-3900' (3/11)...
[14:23:38] [SpawnPoolWorker-11] Brey  70a | C IV 3650-3900: Running Double CCF...
[14:23:38] [SpawnPoolWorker-8] RMC 140 | He II 4686: Saving RVs and plotting...
[14:23:38] [SpawnPoolWorker-9] HD 269888 | He II 4686: Saving RVs and plotting...
[14:23:39] [SpawnPoolWorker-3] HD  37680 | C III 6700-6800: Saving RVs and plotting...
[14:23:39] [SpawnPoolWorker-4] HD  37248 | C IV 20842: DONE
[14:23:39] [SpawnPoolWorker-4] FINISHED HD  37248
[14:23:39] [SpawnPoolWorker-4] STARTING Brey  93
[14:23:39] [SpawnPoolWorker-4] Brey  93: Loading star instance...
[14:23:39] [SpawnPoolWorker-2] HD  32228 | C IV 7063: DONE
[14:23:39] [SpawnPoolWorker-2] HD  32228: Processing line 'C IV 17396' (10/11)...
[14:23:39] [SpawnPoolWorker-2] HD  32228 | C IV 17396: Running Double CCF...
[14:23:39] [SpawnPoolWorker-10] H2013 LMCe  584 | C IV 3650-3900: Saving RVs and plotting...
[14:23:39] [SpawnPoolWorker-6] HD  32257 | He II 4686: Saving RVs and plotting...
[14:23:39] [SpawnPoolWorker-11] Brey  70a | C IV 3650-3900: Saving RVs and plotting...
[14:23:39] [SpawnPoolWorker-4] Brey  93: Interpolating 5 epochs...
[14:23:39] [SpawnPoolWorker-7] HD  36156 | He II 4686: Saving RVs and plotting...
[14:23:39] [SpawnPoolWorker-2] HD  32228 | C IV 17396: Saving RVs and plotting...
[14:23:39] [SpawnPoolWorker-4] Brey  93: Processing line 'O V 3100-3175' (1/11)...
[14:23:39] [SpawnPoolWorker-4] Brey  93 | O V 3100-3175: Running Double CCF...
[14:23:40] [SpawnPoolWorker-4] Brey  93 | O V 3100-3175: Saving RVs and plotting...
[14:23:40] [SpawnPoolWorker-1] HD  32402 | O IV 3350-3480: DONE
[14:23:40] [SpawnPoolWorker-1] HD  32402: Processing line 'C IV 3650-3900' (3/11)...
[14:23:40] [SpawnPoolWorker-1] HD  32402 | C IV 3650-3900: Running Double CCF...
[14:23:40] [SpawnPoolWorker-5] Brey  16a | O IV 3350-3480: DONE
[14:23:40] [SpawnPoolWorker-5] Brey  16a: Processing line 'C IV 3650-3900' (3/11)...
[14:23:40] [SpawnPoolWorker-5] Brey  16a | C IV 3650-3900: Running Double CCF...
[14:23:41] [SpawnPoolWorker-1] HD  32402 | C IV 3650-3900: Saving RVs and plotting...
[14:23:41] [SpawnPoolWorker-10] H2013 LMCe  584 | C IV 3650-3900: DONE
[14:23:41] [SpawnPoolWorker-10] H2013 LMCe  584: Processing line 'He II 4686' (4/11)...
[14:23:41] [SpawnPoolWorker-10] H2013 LMCe  584 | He II 4686: Running Double CCF...
[14:23:41] [SpawnPoolWorker-9] HD 269888 | He II 4686: DONE
[14:23:41] [SpawnPoolWorker-9] HD 269888: Processing line 'O VI 5210-5340' (5/11)...
[14:23:41] [SpawnPoolWorker-9] HD 269888 | O VI 5210-5340: Running Double CCF...
[14:23:41] [SpawnPoolWorker-3] HD  37680 | C III 6700-6800: DONE
[14:23:41] [SpawnPoolWorker-3] HD  37680: Processing line 'C IV 7063' (9/11)...
[14:23:41] [SpawnPoolWorker-3] HD  37680 | C IV 7063: Running Double CCF...
[14:23:41] [SpawnPoolWorker-2] HD  32228 | C IV 17396: DONE
[14:23:41] [SpawnPoolWorker-2] HD  32228: Processing line 'C IV 20842' (11/11)...
[14:23:41] [SpawnPoolWorker-2] HD  32228 | C IV 20842: Running Double CCF...
[14:23:41] [SpawnPoolWorker-5] Brey  16a | C IV 3650-3900: Saving RVs and plotting...
[14:23:42] [SpawnPoolWorker-8] RMC 140 | He II 4686: DONE
[14:23:42] [SpawnPoolWorker-8] RMC 140: Processing line 'O VI 5210-5340' (5/11)...
[14:23:42] [SpawnPoolWorker-8] RMC 140 | O VI 5210-5340: Running Double CCF...
[14:23:42] [SpawnPoolWorker-11] Brey  70a | C IV 3650-3900: DONE
[14:23:42] [SpawnPoolWorker-11] Brey  70a: Processing line 'He II 4686' (4/11)...
[14:23:42] [SpawnPoolWorker-11] Brey  70a | He II 4686: Running Double CCF...
[14:23:42] [SpawnPoolWorker-8] RMC 140 | O VI 5210-5340: Saving RVs and plotting...
[14:23:42] [SpawnPoolWorker-8] RMC 140 | O VI 5210-5340: DONE
[14:23:42] [SpawnPoolWorker-8] RMC 140: Processing line 'He II 5412 & C IV 5471' (6/11)...
[14:23:42] [SpawnPoolWorker-8] RMC 140 | He II 5412 & C IV 5471: Running Double CCF...
[14:23:42] [SpawnPoolWorker-2] HD  32228 | C IV 20842: Saving RVs and plotting...
[14:23:42] [SpawnPoolWorker-10] H2013 LMCe  584 | He II 4686: Saving RVs and plotting...
[14:23:42] [SpawnPoolWorker-3] HD  37680 | C IV 7063: Saving RVs and plotting...
[14:23:42] [SpawnPoolWorker-9] HD 269888 | O VI 5210-5340: Saving RVs and plotting...
[14:23:42] [SpawnPoolWorker-8] RMC 140 | He II 5412 & C IV 5471: Saving RVs and plotting...
[14:23:42] [SpawnPoolWorker-6] HD  32257 | He II 4686: DONE
[14:23:42] [SpawnPoolWorker-6] HD  32257: Processing line 'O VI 5210-5340' (5/11)...
[14:23:42] [SpawnPoolWorker-6] HD  32257 | O VI 5210-5340: Running Double CCF...
[14:23:42] [SpawnPoolWorker-4] Brey  93 | O V 3100-3175: DONE
[14:23:42] [SpawnPoolWorker-4] Brey  93: Processing line 'O IV 3350-3480' (2/11)...
[14:23:42] [SpawnPoolWorker-4] Brey  93 | O IV 3350-3480: Running Double CCF...
[14:23:42] [SpawnPoolWorker-7] HD  36156 | He II 4686: DONE
[14:23:42] [SpawnPoolWorker-7] HD  36156: Processing line 'O VI 5210-5340' (5/11)...
[14:23:42] [SpawnPoolWorker-7] HD  36156 | O VI 5210-5340: Running Double CCF...
[14:23:42] [SpawnPoolWorker-11] Brey  70a | He II 4686: Saving RVs and plotting...
[14:23:43] [SpawnPoolWorker-4] Brey  93 | O IV 3350-3480: Saving RVs and plotting...
[14:23:43] [SpawnPoolWorker-6] HD  32257 | O VI 5210-5340: Saving RVs and plotting...
[14:23:43] [SpawnPoolWorker-7] HD  36156 | O VI 5210-5340: Saving RVs and plotting...
[14:23:44] [SpawnPoolWorker-1] HD  32402 | C IV 3650-3900: DONE
[14:23:44] [SpawnPoolWorker-1] HD  32402: Processing line 'He II 4686' (4/11)...
[14:23:44] [SpawnPoolWorker-1] HD  32402 | He II 4686: Running Double CCF...
[14:23:44] [SpawnPoolWorker-2] HD  32228 | C IV 20842: DONE
[14:23:44] [SpawnPoolWorker-2] FINISHED HD  32228
[14:23:44] [SpawnPoolWorker-2] STARTING Brey  90a
[14:23:44] [SpawnPoolWorker-2] Brey  90a: Loading star instance...
[14:23:44] [SpawnPoolWorker-5] Brey  16a | C IV 3650-3900: DONE
[14:23:44] [SpawnPoolWorker-5] Brey  16a: Processing line 'He II 4686' (4/11)...
[14:23:44] [SpawnPoolWorker-5] Brey  16a | He II 4686: Running Double CCF...
[14:23:44] [SpawnPoolWorker-10] H2013 LMCe  584 | He II 4686: DONE
[14:23:44] [SpawnPoolWorker-10] H2013 LMCe  584: Processing line 'O VI 5210-5340' (5/11)...
[14:23:44] [SpawnPoolWorker-10] H2013 LMCe  584 | O VI 5210-5340: Running Double CCF...
[14:23:44] [SpawnPoolWorker-2] Brey  90a: Interpolating 6 epochs...
[14:23:44] [SpawnPoolWorker-2] Brey  90a: Processing line 'O V 3100-3175' (1/11)...
[14:23:44] [SpawnPoolWorker-2] Brey  90a | O V 3100-3175: Running Double CCF...
[14:23:45] [SpawnPoolWorker-1] HD  32402 | He II 4686: Saving RVs and plotting...
[14:23:45] [SpawnPoolWorker-9] HD 269888 | O VI 5210-5340: DONE
[14:23:45] [SpawnPoolWorker-9] HD 269888: Processing line 'He II 5412 & C IV 5471' (6/11)...
[14:23:45] [SpawnPoolWorker-9] HD 269888 | He II 5412 & C IV 5471: Running Double CCF...
[14:23:45] [SpawnPoolWorker-3] HD  37680 | C IV 7063: DONE
[14:23:45] [SpawnPoolWorker-3] HD  37680: Processing line 'C IV 17396' (10/11)...
[14:23:45] [SpawnPoolWorker-3] HD  37680 | C IV 17396: Running Double CCF...
[14:23:45] [SpawnPoolWorker-10] H2013 LMCe  584 | O VI 5210-5340: Saving RVs and plotting...
[14:23:45] [SpawnPoolWorker-5] Brey  16a | He II 4686: Saving RVs and plotting...
[14:23:45] [SpawnPoolWorker-11] Brey  70a | He II 4686: DONE
[14:23:45] [SpawnPoolWorker-11] Brey  70a: Processing line 'O VI 5210-5340' (5/11)...
[14:23:45] [SpawnPoolWorker-11] Brey  70a | O VI 5210-5340: Running Double CCF...
[14:23:45] [SpawnPoolWorker-2] Brey  90a | O V 3100-3175: Saving RVs and plotting...
[14:23:46] [SpawnPoolWorker-9] HD 269888 | He II 5412 & C IV 5471: Saving RVs and plotting...
[14:23:46] [SpawnPoolWorker-4] Brey  93 | O IV 3350-3480: DONE
[14:23:46] [SpawnPoolWorker-4] Brey  93: Processing line 'C IV 3650-3900' (3/11)...
[14:23:46] [SpawnPoolWorker-4] Brey  93 | C IV 3650-3900: Running Double CCF...
[14:23:46] [SpawnPoolWorker-8] RMC 140 | He II 5412 & C IV 5471: DONE
[14:23:46] [SpawnPoolWorker-8] RMC 140: Processing line 'C IV 5808-5812' (7/11)...
[14:23:46] [SpawnPoolWorker-8] RMC 140 | C IV 5808-5812: Running Double CCF...
[14:23:46] [SpawnPoolWorker-11] Brey  70a | O VI 5210-5340: Saving RVs and plotting...
[14:23:46] [SpawnPoolWorker-3] HD  37680 | C IV 17396: Saving RVs and plotting...
[14:23:47] [SpawnPoolWorker-4] Brey  93 | C IV 3650-3900: Saving RVs and plotting...
[14:23:47] [SpawnPoolWorker-6] HD  32257 | O VI 5210-5340: DONE
[14:23:47] [SpawnPoolWorker-6] HD  32257: Processing line 'He II 5412 & C IV 5471' (6/11)...
[14:23:47] [SpawnPoolWorker-6] HD  32257 | He II 5412 & C IV 5471: Running Double CCF...
[14:23:47] [SpawnPoolWorker-7] HD  36156 | O VI 5210-5340: DONE
[14:23:47] [SpawnPoolWorker-7] HD  36156: Processing line 'He II 5412 & C IV 5471' (6/11)...
[14:23:47] [SpawnPoolWorker-7] HD  36156 | He II 5412 & C IV 5471: Running Double CCF...
[14:23:47] [SpawnPoolWorker-8] RMC 140 | C IV 5808-5812: Saving RVs and plotting...
[14:23:47] [SpawnPoolWorker-10] H2013 LMCe  584 | O VI 5210-5340: DONE
[14:23:47] [SpawnPoolWorker-10] H2013 LMCe  584: Processing line 'He II 5412 & C IV 5471' (6/11)...
[14:23:47] [SpawnPoolWorker-10] H2013 LMCe  584 | He II 5412 & C IV 5471: Running Double CCF...
[14:23:48] [SpawnPoolWorker-1] HD  32402 | He II 4686: DONE
[14:23:48] [SpawnPoolWorker-1] HD  32402: Processing line 'O VI 5210-5340' (5/11)...
[14:23:48] [SpawnPoolWorker-1] HD  32402 | O VI 5210-5340: Running Double CCF...
[14:23:48] [SpawnPoolWorker-6] HD  32257 | He II 5412 & C IV 5471: Saving RVs and plotting...
[14:23:48] [SpawnPoolWorker-7] HD  36156 | He II 5412 & C IV 5471: Saving RVs and plotting...
[14:23:48] [SpawnPoolWorker-11] Brey  70a | O VI 5210-5340: DONE
[14:23:48] [SpawnPoolWorker-11] Brey  70a: Processing line 'He II 5412 & C IV 5471' (6/11)...
[14:23:48] [SpawnPoolWorker-11] Brey  70a | He II 5412 & C IV 5471: Running Double CCF...
[14:23:48] [SpawnPoolWorker-5] Brey  16a | He II 4686: DONE
[14:23:48] [SpawnPoolWorker-5] Brey  16a: Processing line 'O VI 5210-5340' (5/11)...
[14:23:48] [SpawnPoolWorker-5] Brey  16a | O VI 5210-5340: Running Double CCF...
[14:23:48] [SpawnPoolWorker-10] H2013 LMCe  584 | He II 5412 & C IV 5471: Saving RVs and plotting...
[14:23:48] [SpawnPoolWorker-2] Brey  90a | O V 3100-3175: DONE
[14:23:48] [SpawnPoolWorker-2] Brey  90a: Processing line 'O IV 3350-3480' (2/11)...
[14:23:48] [SpawnPoolWorker-2] Brey  90a | O IV 3350-3480: Running Double CCF...
[14:23:48] [SpawnPoolWorker-1] HD  32402 | O VI 5210-5340: Saving RVs and plotting...
[14:23:49] [SpawnPoolWorker-3] HD  37680 | C IV 17396: DONE
[14:23:49] [SpawnPoolWorker-3] HD  37680: Processing line 'C IV 20842' (11/11)...
[14:23:49] [SpawnPoolWorker-3] HD  37680 | C IV 20842: Running Double CCF...
[14:23:49] [SpawnPoolWorker-4] Brey  93 | C IV 3650-3900: DONE
[14:23:49] [SpawnPoolWorker-4] Brey  93: Processing line 'He II 4686' (4/11)...
[14:23:49] [SpawnPoolWorker-4] Brey  93 | He II 4686: Running Double CCF...
[14:23:49] [SpawnPoolWorker-9] HD 269888 | He II 5412 & C IV 5471: DONE
[14:23:49] [SpawnPoolWorker-9] HD 269888: Processing line 'C IV 5808-5812' (7/11)...
[14:23:49] [SpawnPoolWorker-9] HD 269888 | C IV 5808-5812: Running Double CCF...
[14:23:49] [SpawnPoolWorker-11] Brey  70a | He II 5412 & C IV 5471: Saving RVs and plotting...
[14:23:49] [SpawnPoolWorker-5] Brey  16a | O VI 5210-5340: Saving RVs and plotting...
[14:23:49] [SpawnPoolWorker-2] Brey  90a | O IV 3350-3480: Saving RVs and plotting...
[14:23:49] [SpawnPoolWorker-4] Brey  93 | He II 4686: Saving RVs and plotting...
[14:23:50] [SpawnPoolWorker-3] HD  37680 | C IV 20842: Saving RVs and plotting...
[14:23:50] [SpawnPoolWorker-9] HD 269888 | C IV 5808-5812: Saving RVs and plotting...
[14:23:50] [SpawnPoolWorker-8] RMC 140 | C IV 5808-5812: DONE
[14:23:50] [SpawnPoolWorker-8] RMC 140: Processing line 'C III 6700-6800' (8/11)...
[14:23:50] [SpawnPoolWorker-8] RMC 140 | C III 6700-6800: Running Double CCF...
[14:23:50] [SpawnPoolWorker-10] H2013 LMCe  584 | He II 5412 & C IV 5471: DONE
[14:23:50] [SpawnPoolWorker-10] H2013 LMCe  584: Processing line 'C IV 5808-5812' (7/11)...
[14:23:50] [SpawnPoolWorker-10] H2013 LMCe  584 | C IV 5808-5812: Running Double CCF...
[14:23:51] [SpawnPoolWorker-1] HD  32402 | O VI 5210-5340: DONE
[14:23:51] [SpawnPoolWorker-1] HD  32402: Processing line 'He II 5412 & C IV 5471' (6/11)...
[14:23:51] [SpawnPoolWorker-1] HD  32402 | He II 5412 & C IV 5471: Running Double CCF...
[14:23:51] [SpawnPoolWorker-8] RMC 140 | C III 6700-6800: Saving RVs and plotting...
[14:23:51] [SpawnPoolWorker-7] HD  36156 | He II 5412 & C IV 5471: DONE
[14:23:51] [SpawnPoolWorker-7] HD  36156: Processing line 'C IV 5808-5812' (7/11)...
[14:23:51] [SpawnPoolWorker-7] HD  36156 | C IV 5808-5812: Running Double CCF...
[14:23:51] [SpawnPoolWorker-10] H2013 LMCe  584 | C IV 5808-5812: Saving RVs and plotting...
[14:23:51] [SpawnPoolWorker-6] HD  32257 | He II 5412 & C IV 5471: DONE
[14:23:51] [SpawnPoolWorker-6] HD  32257: Processing line 'C IV 5808-5812' (7/11)...
[14:23:51] [SpawnPoolWorker-6] HD  32257 | C IV 5808-5812: Running Double CCF...
[14:23:51] [SpawnPoolWorker-11] Brey  70a | He II 5412 & C IV 5471: DONE
[14:23:51] [SpawnPoolWorker-11] Brey  70a: Processing line 'C IV 5808-5812' (7/11)...
[14:23:51] [SpawnPoolWorker-11] Brey  70a | C IV 5808-5812: Running Double CCF...
[14:23:52] [SpawnPoolWorker-5] Brey  16a | O VI 5210-5340: DONE
[14:23:52] [SpawnPoolWorker-5] Brey  16a: Processing line 'He II 5412 & C IV 5471' (6/11)...
[14:23:52] [SpawnPoolWorker-5] Brey  16a | He II 5412 & C IV 5471: Running Double CCF...
[14:23:52] [SpawnPoolWorker-1] HD  32402 | He II 5412 & C IV 5471: Saving RVs and plotting...
[14:23:52] [SpawnPoolWorker-4] Brey  93 | He II 4686: DONE
[14:23:52] [SpawnPoolWorker-4] Brey  93: Processing line 'O VI 5210-5340' (5/11)...
[14:23:52] [SpawnPoolWorker-4] Brey  93 | O VI 5210-5340: Running Double CCF...
[14:23:52] [SpawnPoolWorker-2] Brey  90a | O IV 3350-3480: DONE
[14:23:52] [SpawnPoolWorker-2] Brey  90a: Processing line 'C IV 3650-3900' (3/11)...
[14:23:52] [SpawnPoolWorker-2] Brey  90a | C IV 3650-3900: Running Double CCF...
[14:23:52] [SpawnPoolWorker-7] HD  36156 | C IV 5808-5812: Saving RVs and plotting...
[14:23:52] [SpawnPoolWorker-11] Brey  70a | C IV 5808-5812: Saving RVs and plotting...
[14:23:52] [SpawnPoolWorker-6] HD  32257 | C IV 5808-5812: Saving RVs and plotting...
[14:23:52] [SpawnPoolWorker-3] HD  37680 | C IV 20842: DONE
[14:23:52] [SpawnPoolWorker-3] FINISHED HD  37680
[14:23:52] [SpawnPoolWorker-3] STARTING HD 269891
[14:23:52] [SpawnPoolWorker-3] HD 269891: Loading star instance...
[14:23:52] [SpawnPoolWorker-5] Brey  16a | He II 5412 & C IV 5471: Saving RVs and plotting...
[14:23:53] [SpawnPoolWorker-9] HD 269888 | C IV 5808-5812: DONE
[14:23:53] [SpawnPoolWorker-9] HD 269888: Processing line 'C III 6700-6800' (8/11)...
[14:23:53] [SpawnPoolWorker-9] HD 269888 | C III 6700-6800: Running Double CCF...
[14:23:53] [SpawnPoolWorker-4] Brey  93 | O VI 5210-5340: Saving RVs and plotting...
[14:23:53] [SpawnPoolWorker-2] Brey  90a | C IV 3650-3900: Saving RVs and plotting...
[14:23:53] [SpawnPoolWorker-3] HD 269891: Interpolating 7 epochs...
[14:23:53] [SpawnPoolWorker-3] HD 269891: Processing line 'O V 3100-3175' (1/11)...
[14:23:53] [SpawnPoolWorker-3] HD 269891 | O V 3100-3175: Running Double CCF...
[14:23:53] [SpawnPoolWorker-10] H2013 LMCe  584 | C IV 5808-5812: DONE
[14:23:53] [SpawnPoolWorker-10] H2013 LMCe  584: Processing line 'C III 6700-6800' (8/11)...
[14:23:53] [SpawnPoolWorker-10] H2013 LMCe  584 | C III 6700-6800: Running Double CCF...
[14:23:53] [SpawnPoolWorker-3] HD 269891 | O V 3100-3175: Saving RVs and plotting...
[14:23:54] [SpawnPoolWorker-9] HD 269888 | C III 6700-6800: Saving RVs and plotting...
[14:23:54] [SpawnPoolWorker-8] RMC 140 | C III 6700-6800: DONE
[14:23:54] [SpawnPoolWorker-8] RMC 140: Processing line 'C IV 7063' (9/11)...
[14:23:54] [SpawnPoolWorker-8] RMC 140 | C IV 7063: Running Double CCF...
[14:23:54] [SpawnPoolWorker-10] H2013 LMCe  584 | C III 6700-6800: Saving RVs and plotting...
[14:23:54] [SpawnPoolWorker-11] Brey  70a | C IV 5808-5812: DONE
[14:23:54] [SpawnPoolWorker-11] Brey  70a: Processing line 'C III 6700-6800' (8/11)...
[14:23:54] [SpawnPoolWorker-11] Brey  70a | C III 6700-6800: Running Double CCF...
[14:23:55] [SpawnPoolWorker-1] HD  32402 | He II 5412 & C IV 5471: DONE
[14:23:55] [SpawnPoolWorker-1] HD  32402: Processing line 'C IV 5808-5812' (7/11)...
[14:23:55] [SpawnPoolWorker-1] HD  32402 | C IV 5808-5812: Running Double CCF...
[14:23:55] [SpawnPoolWorker-4] Brey  93 | O VI 5210-5340: DONE
[14:23:55] [SpawnPoolWorker-4] Brey  93: Processing line 'He II 5412 & C IV 5471' (6/11)...
[14:23:55] [SpawnPoolWorker-4] Brey  93 | He II 5412 & C IV 5471: Running Double CCF...
[14:23:55] [SpawnPoolWorker-8] RMC 140 | C IV 7063: Saving RVs and plotting...
[14:23:55] [SpawnPoolWorker-11] Brey  70a | C III 6700-6800: Saving RVs and plotting...
[14:23:55] [SpawnPoolWorker-5] Brey  16a | He II 5412 & C IV 5471: DONE
[14:23:55] [SpawnPoolWorker-5] Brey  16a: Processing line 'C IV 5808-5812' (7/11)...
[14:23:55] [SpawnPoolWorker-5] Brey  16a | C IV 5808-5812: Running Double CCF...
[14:23:55] [SpawnPoolWorker-7] HD  36156 | C IV 5808-5812: DONE
[14:23:55] [SpawnPoolWorker-7] HD  36156: Processing line 'C III 6700-6800' (8/11)...
[14:23:55] [SpawnPoolWorker-7] HD  36156 | C III 6700-6800: Running Double CCF...
[14:23:56] [SpawnPoolWorker-6] HD  32257 | C IV 5808-5812: DONE
[14:23:56] [SpawnPoolWorker-6] HD  32257: Processing line 'C III 6700-6800' (8/11)...
[14:23:56] [SpawnPoolWorker-6] HD  32257 | C III 6700-6800: Running Double CCF...
[14:23:56] [SpawnPoolWorker-1] HD  32402 | C IV 5808-5812: Saving RVs and plotting...
[14:23:56] [SpawnPoolWorker-4] Brey  93 | He II 5412 & C IV 5471: Saving RVs and plotting...
[14:23:56] [SpawnPoolWorker-2] Brey  90a | C IV 3650-3900: DONE
[14:23:56] [SpawnPoolWorker-2] Brey  90a: Processing line 'He II 4686' (4/11)...
[14:23:56] [SpawnPoolWorker-2] Brey  90a | He II 4686: Running Double CCF...
[14:23:56] [SpawnPoolWorker-5] Brey  16a | C IV 5808-5812: Saving RVs and plotting...
[14:23:57] [SpawnPoolWorker-9] HD 269888 | C III 6700-6800: DONE
[14:23:57] [SpawnPoolWorker-9] HD 269888: Processing line 'C IV 7063' (9/11)...
[14:23:57] [SpawnPoolWorker-9] HD 269888 | C IV 7063: Running Double CCF...
[14:23:57] [SpawnPoolWorker-7] HD  36156 | C III 6700-6800: Saving RVs and plotting...
[14:23:57] [SpawnPoolWorker-10] H2013 LMCe  584 | C III 6700-6800: DONE
[14:23:57] [SpawnPoolWorker-10] H2013 LMCe  584: Processing line 'C IV 7063' (9/11)...
[14:23:57] [SpawnPoolWorker-10] H2013 LMCe  584 | C IV 7063: Running Double CCF...
[14:23:57] [SpawnPoolWorker-6] HD  32257 | C III 6700-6800: Saving RVs and plotting...
[14:23:57] [SpawnPoolWorker-3] HD 269891 | O V 3100-3175: DONE
[14:23:57] [SpawnPoolWorker-3] HD 269891: Processing line 'O IV 3350-3480' (2/11)...
[14:23:57] [SpawnPoolWorker-3] HD 269891 | O IV 3350-3480: Running Double CCF...
[14:23:57] [SpawnPoolWorker-2] Brey  90a | He II 4686: Saving RVs and plotting...
[14:23:57] [SpawnPoolWorker-3] HD 269891 | O IV 3350-3480: Saving RVs and plotting...
[14:23:57] [SpawnPoolWorker-3] HD 269891 | O IV 3350-3480: DONE
[14:23:57] [SpawnPoolWorker-3] HD 269891: Processing line 'C IV 3650-3900' (3/11)...
[14:23:57] [SpawnPoolWorker-3] HD 269891 | C IV 3650-3900: Running Double CCF...
[14:23:57] [SpawnPoolWorker-10] H2013 LMCe  584 | C IV 7063: Saving RVs and plotting...
[14:23:57] [SpawnPoolWorker-3] HD 269891 | C IV 3650-3900: Saving RVs and plotting...
[14:23:57] [SpawnPoolWorker-3] HD 269891 | C IV 3650-3900: DONE
[14:23:57] [SpawnPoolWorker-3] HD 269891: Processing line 'He II 4686' (4/11)...
[14:23:57] [SpawnPoolWorker-3] HD 269891 | He II 4686: Running Double CCF...
[14:23:57] [SpawnPoolWorker-9] HD 269888 | C IV 7063: Saving RVs and plotting...
[14:23:58] [SpawnPoolWorker-11] Brey  70a | C III 6700-6800: DONE
[14:23:58] [SpawnPoolWorker-11] Brey  70a: Processing line 'C IV 7063' (9/11)...
[14:23:58] [SpawnPoolWorker-11] Brey  70a | C IV 7063: Running Double CCF...
[14:23:58] [SpawnPoolWorker-8] RMC 140 | C IV 7063: DONE
[14:23:58] [SpawnPoolWorker-8] RMC 140: Processing line 'C IV 17396' (10/11)...
[14:23:58] [SpawnPoolWorker-8] RMC 140 | C IV 17396: Running Double CCF...
[14:23:59] [SpawnPoolWorker-4] Brey  93 | He II 5412 & C IV 5471: DONE
[14:23:59] [SpawnPoolWorker-4] Brey  93: Processing line 'C IV 5808-5812' (7/11)...
[14:23:59] [SpawnPoolWorker-4] Brey  93 | C IV 5808-5812: Running Double CCF...
[14:23:59] [SpawnPoolWorker-3] HD 269891 | He II 4686: Saving RVs and plotting...
[14:23:59] [SpawnPoolWorker-1] HD  32402 | C IV 5808-5812: DONE
[14:23:59] [SpawnPoolWorker-1] HD  32402: Processing line 'C III 6700-6800' (8/11)...
[14:23:59] [SpawnPoolWorker-1] HD  32402 | C III 6700-6800: Running Double CCF...
[14:23:59] [SpawnPoolWorker-11] Brey  70a | C IV 7063: Saving RVs and plotting...
[14:23:59] [SpawnPoolWorker-5] Brey  16a | C IV 5808-5812: DONE
[14:23:59] [SpawnPoolWorker-5] Brey  16a: Processing line 'C III 6700-6800' (8/11)...
[14:23:59] [SpawnPoolWorker-5] Brey  16a | C III 6700-6800: Running Double CCF...
[14:23:59] [SpawnPoolWorker-4] Brey  93 | C IV 5808-5812: Saving RVs and plotting...
[14:23:59] [SpawnPoolWorker-1] HD  32402 | C III 6700-6800: Saving RVs and plotting...
[14:24:00] [SpawnPoolWorker-10] H2013 LMCe  584 | C IV 7063: DONE
[14:24:00] [SpawnPoolWorker-10] H2013 LMCe  584: Processing line 'C IV 17396' (10/11)...
[14:24:00] [SpawnPoolWorker-10] H2013 LMCe  584 | C IV 17396: Running Double CCF...
[14:24:00] [SpawnPoolWorker-8] RMC 140 | C IV 17396: Saving RVs and plotting...
[14:24:00] [SpawnPoolWorker-2] Brey  90a | He II 4686: DONE
[14:24:00] [SpawnPoolWorker-2] Brey  90a: Processing line 'O VI 5210-5340' (5/11)...
[14:24:00] [SpawnPoolWorker-2] Brey  90a | O VI 5210-5340: Running Double CCF...
[14:24:00] [SpawnPoolWorker-7] HD  36156 | C III 6700-6800: DONE
[14:24:00] [SpawnPoolWorker-7] HD  36156: Processing line 'C IV 7063' (9/11)...
[14:24:00] [SpawnPoolWorker-7] HD  36156 | C IV 7063: Running Double CCF...
[14:24:00] [SpawnPoolWorker-6] HD  32257 | C III 6700-6800: DONE
[14:24:00] [SpawnPoolWorker-6] HD  32257: Processing line 'C IV 7063' (9/11)...
[14:24:00] [SpawnPoolWorker-6] HD  32257 | C IV 7063: Running Double CCF...
[14:24:00] [SpawnPoolWorker-5] Brey  16a | C III 6700-6800: Saving RVs and plotting...
[14:24:00] [SpawnPoolWorker-9] HD 269888 | C IV 7063: DONE
[14:24:00] [SpawnPoolWorker-9] HD 269888: Processing line 'C IV 17396' (10/11)...
[14:24:00] [SpawnPoolWorker-9] HD 269888 | C IV 17396: Running Double CCF...
[14:24:00] [SpawnPoolWorker-10] H2013 LMCe  584 | C IV 17396: Saving RVs and plotting...
[14:24:00] [SpawnPoolWorker-2] Brey  90a | O VI 5210-5340: Saving RVs and plotting...
[14:24:01] [SpawnPoolWorker-7] HD  36156 | C IV 7063: Saving RVs and plotting...
[14:24:01] [SpawnPoolWorker-6] HD  32257 | C IV 7063: Saving RVs and plotting...
[14:24:01] [SpawnPoolWorker-11] Brey  70a | C IV 7063: DONE
[14:24:01] [SpawnPoolWorker-11] Brey  70a: Processing line 'C IV 17396' (10/11)...
[14:24:01] [SpawnPoolWorker-11] Brey  70a | C IV 17396: Running Double CCF...
[14:24:01] [SpawnPoolWorker-9] HD 269888 | C IV 17396: Saving RVs and plotting...
[14:24:01] [SpawnPoolWorker-4] Brey  93 | C IV 5808-5812: DONE
[14:24:01] [SpawnPoolWorker-4] Brey  93: Processing line 'C III 6700-6800' (8/11)...
[14:24:01] [SpawnPoolWorker-4] Brey  93 | C III 6700-6800: Running Double CCF...
[14:24:02] [SpawnPoolWorker-3] HD 269891 | He II 4686: DONE
[14:24:02] [SpawnPoolWorker-3] HD 269891: Processing line 'O VI 5210-5340' (5/11)...
[14:24:02] [SpawnPoolWorker-3] HD 269891 | O VI 5210-5340: Running Double CCF...
[14:24:02] [SpawnPoolWorker-3] HD 269891 | O VI 5210-5340: Saving RVs and plotting...
[14:24:02] [SpawnPoolWorker-11] Brey  70a | C IV 17396: Saving RVs and plotting...
[14:24:02] [SpawnPoolWorker-3] HD 269891 | O VI 5210-5340: DONE
[14:24:02] [SpawnPoolWorker-3] HD 269891: Processing line 'He II 5412 & C IV 5471' (6/11)...
[14:24:02] [SpawnPoolWorker-3] HD 269891 | He II 5412 & C IV 5471: Running Double CCF...
[14:24:02] [SpawnPoolWorker-1] HD  32402 | C III 6700-6800: DONE
[14:24:02] [SpawnPoolWorker-1] HD  32402: Processing line 'C IV 7063' (9/11)...
[14:24:02] [SpawnPoolWorker-1] HD  32402 | C IV 7063: Running Double CCF...
[14:24:02] [SpawnPoolWorker-4] Brey  93 | C III 6700-6800: Saving RVs and plotting...
[14:24:03] [SpawnPoolWorker-10] H2013 LMCe  584 | C IV 17396: DONE
[14:24:03] [SpawnPoolWorker-10] H2013 LMCe  584: Processing line 'C IV 20842' (11/11)...
[14:24:03] [SpawnPoolWorker-10] H2013 LMCe  584 | C IV 20842: Running Double CCF...
[14:24:03] [SpawnPoolWorker-5] Brey  16a | C III 6700-6800: DONE
[14:24:03] [SpawnPoolWorker-5] Brey  16a: Processing line 'C IV 7063' (9/11)...
[14:24:03] [SpawnPoolWorker-5] Brey  16a | C IV 7063: Running Double CCF...
[14:24:03] [SpawnPoolWorker-8] RMC 140 | C IV 17396: DONE
[14:24:03] [SpawnPoolWorker-8] RMC 140: Processing line 'C IV 20842' (11/11)...
[14:24:03] [SpawnPoolWorker-8] RMC 140 | C IV 20842: Running Double CCF...
[14:24:03] [SpawnPoolWorker-1] HD  32402 | C IV 7063: Saving RVs and plotting...
[14:24:03] [SpawnPoolWorker-3] HD 269891 | He II 5412 & C IV 5471: Saving RVs and plotting...
[14:24:03] [SpawnPoolWorker-2] Brey  90a | O VI 5210-5340: DONE
[14:24:03] [SpawnPoolWorker-2] Brey  90a: Processing line 'He II 5412 & C IV 5471' (6/11)...
[14:24:03] [SpawnPoolWorker-2] Brey  90a | He II 5412 & C IV 5471: Running Double CCF...
[14:24:03] [SpawnPoolWorker-10] H2013 LMCe  584 | C IV 20842: Saving RVs and plotting...
[14:24:04] [SpawnPoolWorker-5] Brey  16a | C IV 7063: Saving RVs and plotting...
[14:24:04] [SpawnPoolWorker-7] HD  36156 | C IV 7063: DONE
[14:24:04] [SpawnPoolWorker-7] HD  36156: Processing line 'C IV 17396' (10/11)...
[14:24:04] [SpawnPoolWorker-7] HD  36156 | C IV 17396: Running Double CCF...
[14:24:04] [SpawnPoolWorker-8] RMC 140 | C IV 20842: Saving RVs and plotting...
[14:24:04] [SpawnPoolWorker-9] HD 269888 | C IV 17396: DONE
[14:24:04] [SpawnPoolWorker-9] HD 269888: Processing line 'C IV 20842' (11/11)...
[14:24:04] [SpawnPoolWorker-9] HD 269888 | C IV 20842: Running Double CCF...
[14:24:04] [SpawnPoolWorker-6] HD  32257 | C IV 7063: DONE
[14:24:04] [SpawnPoolWorker-6] HD  32257: Processing line 'C IV 17396' (10/11)...
[14:24:04] [SpawnPoolWorker-6] HD  32257 | C IV 17396: Running Double CCF...
[14:24:04] [SpawnPoolWorker-4] Brey  93 | C III 6700-6800: DONE
[14:24:04] [SpawnPoolWorker-4] Brey  93: Processing line 'C IV 7063' (9/11)...
[14:24:04] [SpawnPoolWorker-4] Brey  93 | C IV 7063: Running Double CCF...
[14:24:04] [SpawnPoolWorker-2] Brey  90a | He II 5412 & C IV 5471: Saving RVs and plotting...
[14:24:04] [SpawnPoolWorker-11] Brey  70a | C IV 17396: DONE
[14:24:04] [SpawnPoolWorker-11] Brey  70a: Processing line 'C IV 20842' (11/11)...
[14:24:04] [SpawnPoolWorker-11] Brey  70a | C IV 20842: Running Double CCF...
[14:24:05] [SpawnPoolWorker-9] HD 269888 | C IV 20842: Saving RVs and plotting...
[14:24:05] [SpawnPoolWorker-11] Brey  70a | C IV 20842: Saving RVs and plotting...
[14:24:05] [SpawnPoolWorker-7] HD  36156 | C IV 17396: Saving RVs and plotting...
[14:24:05] [SpawnPoolWorker-4] Brey  93 | C IV 7063: Saving RVs and plotting...
[14:24:05] [SpawnPoolWorker-6] HD  32257 | C IV 17396: Saving RVs and plotting...
[14:24:05] [SpawnPoolWorker-1] HD  32402 | C IV 7063: DONE
[14:24:05] [SpawnPoolWorker-1] HD  32402: Processing line 'C IV 17396' (10/11)...
[14:24:05] [SpawnPoolWorker-1] HD  32402 | C IV 17396: Running Double CCF...
[14:24:06] [SpawnPoolWorker-10] H2013 LMCe  584 | C IV 20842: DONE
[14:24:06] [SpawnPoolWorker-10] FINISHED H2013 LMCe  584
[14:24:06] [SpawnPoolWorker-3] HD 269891 | He II 5412 & C IV 5471: DONE
[14:24:06] [SpawnPoolWorker-3] HD 269891: Processing line 'C IV 5808-5812' (7/11)...
[14:24:06] [SpawnPoolWorker-3] HD 269891 | C IV 5808-5812: Running Double CCF...
[14:24:06] [SpawnPoolWorker-5] Brey  16a | C IV 7063: DONE
[14:24:06] [SpawnPoolWorker-5] Brey  16a: Processing line 'C IV 17396' (10/11)...
[14:24:06] [SpawnPoolWorker-5] Brey  16a | C IV 17396: Running Double CCF...
[14:24:06] [SpawnPoolWorker-1] HD  32402 | C IV 17396: Saving RVs and plotting...
[14:24:07] [SpawnPoolWorker-3] HD 269891 | C IV 5808-5812: Saving RVs and plotting...
[14:24:07] [SpawnPoolWorker-11] Brey  70a | C IV 20842: DONE
[14:24:07] [SpawnPoolWorker-11] FINISHED Brey  70a
[14:24:07] [SpawnPoolWorker-5] Brey  16a | C IV 17396: Saving RVs and plotting...
[14:24:07] [SpawnPoolWorker-4] Brey  93 | C IV 7063: DONE
[14:24:07] [SpawnPoolWorker-4] Brey  93: Processing line 'C IV 17396' (10/11)...
[14:24:07] [SpawnPoolWorker-4] Brey  93 | C IV 17396: Running Double CCF...
[14:24:07] [SpawnPoolWorker-2] Brey  90a | He II 5412 & C IV 5471: DONE
[14:24:07] [SpawnPoolWorker-2] Brey  90a: Processing line 'C IV 5808-5812' (7/11)...
[14:24:07] [SpawnPoolWorker-2] Brey  90a | C IV 5808-5812: Running Double CCF...
[14:24:07] [SpawnPoolWorker-8] RMC 140 | C IV 20842: DONE
[14:24:07] [SpawnPoolWorker-8] FINISHED RMC 140
[14:24:07] [SpawnPoolWorker-9] HD 269888 | C IV 20842: DONE
[14:24:07] [SpawnPoolWorker-9] FINISHED HD 269888
[14:24:08] [SpawnPoolWorker-4] Brey  93 | C IV 17396: Saving RVs and plotting...
[14:24:08] [SpawnPoolWorker-2] Brey  90a | C IV 5808-5812: Saving RVs and plotting...
[14:24:08] [SpawnPoolWorker-7] HD  36156 | C IV 17396: DONE
[14:24:08] [SpawnPoolWorker-7] HD  36156: Processing line 'C IV 20842' (11/11)...
[14:24:08] [SpawnPoolWorker-7] HD  36156 | C IV 20842: Running Double CCF...
[14:24:08] [SpawnPoolWorker-6] HD  32257 | C IV 17396: DONE
[14:24:08] [SpawnPoolWorker-6] HD  32257: Processing line 'C IV 20842' (11/11)...
[14:24:08] [SpawnPoolWorker-6] HD  32257 | C IV 20842: Running Double CCF...
[14:24:09] [SpawnPoolWorker-1] HD  32402 | C IV 17396: DONE
[14:24:09] [SpawnPoolWorker-1] HD  32402: Processing line 'C IV 20842' (11/11)...
[14:24:09] [SpawnPoolWorker-1] HD  32402 | C IV 20842: Running Double CCF...
[14:24:09] [SpawnPoolWorker-7] HD  36156 | C IV 20842: Saving RVs and plotting...
[14:24:09] [SpawnPoolWorker-6] HD  32257 | C IV 20842: Saving RVs and plotting...
[14:24:09] [SpawnPoolWorker-3] HD 269891 | C IV 5808-5812: DONE
[14:24:09] [SpawnPoolWorker-3] HD 269891: Processing line 'C III 6700-6800' (8/11)...
[14:24:09] [SpawnPoolWorker-3] HD 269891 | C III 6700-6800: Running Double CCF...
[14:24:09] [SpawnPoolWorker-1] HD  32402 | C IV 20842: Saving RVs and plotting...
[14:24:09] [SpawnPoolWorker-5] Brey  16a | C IV 17396: DONE
[14:24:09] [SpawnPoolWorker-5] Brey  16a: Processing line 'C IV 20842' (11/11)...
[14:24:09] [SpawnPoolWorker-5] Brey  16a | C IV 20842: Running Double CCF...
[14:24:10] [SpawnPoolWorker-4] Brey  93 | C IV 17396: DONE
[14:24:10] [SpawnPoolWorker-4] Brey  93: Processing line 'C IV 20842' (11/11)...
[14:24:10] [SpawnPoolWorker-4] Brey  93 | C IV 20842: Running Double CCF...
[14:24:10] [SpawnPoolWorker-3] HD 269891 | C III 6700-6800: Saving RVs and plotting...
[14:24:10] [SpawnPoolWorker-2] Brey  90a | C IV 5808-5812: DONE
[14:24:10] [SpawnPoolWorker-2] Brey  90a: Processing line 'C III 6700-6800' (8/11)...
[14:24:10] [SpawnPoolWorker-2] Brey  90a | C III 6700-6800: Running Double CCF...
[14:24:10] [SpawnPoolWorker-5] Brey  16a | C IV 20842: Saving RVs and plotting...
[14:24:10] [SpawnPoolWorker-4] Brey  93 | C IV 20842: Saving RVs and plotting...
[14:24:11] [SpawnPoolWorker-2] Brey  90a | C III 6700-6800: Saving RVs and plotting...
[14:24:11] [SpawnPoolWorker-1] HD  32402 | C IV 20842: DONE
[14:24:11] [SpawnPoolWorker-1] FINISHED HD  32402
[14:24:11] [SpawnPoolWorker-7] HD  36156 | C IV 20842: DONE
[14:24:11] [SpawnPoolWorker-7] FINISHED HD  36156
[14:24:12] [SpawnPoolWorker-6] HD  32257 | C IV 20842: DONE
[14:24:12] [SpawnPoolWorker-6] FINISHED HD  32257
[14:24:12] [SpawnPoolWorker-3] HD 269891 | C III 6700-6800: DONE
[14:24:12] [SpawnPoolWorker-3] HD 269891: Processing line 'C IV 7063' (9/11)...
[14:24:12] [SpawnPoolWorker-3] HD 269891 | C IV 7063: Running Double CCF...
[14:24:12] [SpawnPoolWorker-4] Brey  93 | C IV 20842: DONE
[14:24:12] [SpawnPoolWorker-4] FINISHED Brey  93
[14:24:12] [SpawnPoolWorker-5] Brey  16a | C IV 20842: DONE
[14:24:12] [SpawnPoolWorker-5] FINISHED Brey  16a
[14:24:12] [SpawnPoolWorker-2] Brey  90a | C III 6700-6800: DONE
[14:24:12] [SpawnPoolWorker-2] Brey  90a: Processing line 'C IV 7063' (9/11)...
[14:24:12] [SpawnPoolWorker-2] Brey  90a | C IV 7063: Running Double CCF...
[14:24:12] [SpawnPoolWorker-3] HD 269891 | C IV 7063: Saving RVs and plotting...
[14:24:13] [SpawnPoolWorker-2] Brey  90a | C IV 7063: Saving RVs and plotting...
[14:24:14] [SpawnPoolWorker-3] HD 269891 | C IV 7063: DONE
[14:24:14] [SpawnPoolWorker-3] HD 269891: Processing line 'C IV 17396' (10/11)...
[14:24:14] [SpawnPoolWorker-3] HD 269891 | C IV 17396: Running Double CCF...
[14:24:15] [SpawnPoolWorker-3] HD 269891 | C IV 17396: Saving RVs and plotting...
[14:24:15] [SpawnPoolWorker-3] HD 269891 | C IV 17396: DONE
[14:24:15] [SpawnPoolWorker-3] HD 269891: Processing line 'C IV 20842' (11/11)...
[14:24:15] [SpawnPoolWorker-3] HD 269891 | C IV 20842: Running Double CCF...
[14:24:15] [SpawnPoolWorker-3] HD 269891 | C IV 20842: Saving RVs and plotting...
[14:24:15] [SpawnPoolWorker-3] HD 269891 | C IV 20842: DONE
[14:24:15] [SpawnPoolWorker-3] FINISHED HD 269891
[14:24:15] [SpawnPoolWorker-2] Brey  90a | C IV 7063: DONE
[14:24:15] [SpawnPoolWorker-2] Brey  90a: Processing line 'C IV 17396' (10/11)...
[14:24:15] [SpawnPoolWorker-2] Brey  90a | C IV 17396: Running Double CCF...
[14:24:15] [SpawnPoolWorker-2] Brey  90a | C IV 17396: Saving RVs and plotting...
[14:24:17] [SpawnPoolWorker-2] Brey  90a | C IV 17396: DONE
[14:24:17] [SpawnPoolWorker-2] Brey  90a: Processing line 'C IV 20842' (11/11)...
[14:24:17] [SpawnPoolWorker-2] Brey  90a | C IV 20842: Running Double CCF...
[14:24:18] [SpawnPoolWorker-2] Brey  90a | C IV 20842: Saving RVs and plotting...
[14:24:19] [SpawnPoolWorker-2] Brey  90a | C IV 20842: DONE
[14:24:19] [SpawnPoolWorker-2] FINISHED Brey  90a
